Log file open, 04/11/16 11:51:59
LogInit:Display: Running engine for game: PuzzleHorror
LogPlatformFile: Not using cached read wrapper
LogInit:Display: RandInit(-1438957438) SRandInit(-1438957437).
LogTaskGraph: Started task graph with 4 named threads and 7 total threads.
LogStats: Stats thread started at 0.074657
LogHMD: Can't find Oculus library dev build: is proper Runtime installed? Version: 0.8.0.0
LogInit: Version: 4.11.0-2927265+++UE4+Release-4.11
LogInit: API Version: 2927265
LogInit: Compiled (64-bit): Mar 30 2016 02:13:55
LogInit: Compiled with Visual C++: 19.00.23026.00
LogInit: Build Configuration: Development
LogInit: Branch Name: ++UE4+Release-4.11
LogInit: Command line:  
LogInit: Base directory: D:/Programmer/Epic Games/4.11/Engine/Binaries/Win64/
LogInit: Installed Engine Build: 1
LogInit: Using libcurl 7.41.0
LogInit:  - built for x86_64-pc-win32
LogInit:  - supports SSL with WinSSL
LogInit:  - other features:
LogInit:      CURL_VERSION_SSL
LogInit:      CURL_VERSION_IPV6
LogInit:      CURL_VERSION_ASYNCHDNS
LogInit:      CURL_VERSION_LARGEFILE
LogInit:      CURL_VERSION_IDN
LogInit:  CurlRequestOptions (configurable via config and command line):
LogInit:  - bVerifyPeer = true  - Libcurl will verify peer certificate
LogInit:  - bUseHttpProxy = false  - Libcurl will NOT use HTTP proxy
LogInit:  - bDontReuseConnections = false  - Libcurl will reuse connections
LogInit:  - CertBundlePath = nullptr  - Libcurl will use whatever was configured at build time.
LogInit: Presizing for max 16777216 objects, including 0 objects not considered by GC, pre-allocating 0 bytes for permanent pool.
LogInit: Object subsystem initialized
[2016.04.11-09.51.59:728][  0]LogInit: Selected Device Profile: [Windows]
[2016.04.11-09.51.59:728][  0]LogInit: Applying CVar settings loaded from the selected device profile: [Windows]
[2016.04.11-09.51.59:737][  0]LogInit: Computer: SKINKE-PC
[2016.04.11-09.51.59:737][  0]LogInit: User: Skinke
[2016.04.11-09.51.59:737][  0]LogInit: CPU Page size=65536, Cores=4
[2016.04.11-09.51.59:737][  0]LogInit: High frequency timer resolution =2.338349 MHz
[2016.04.11-09.51.59:737][  0]LogMemory: Memory total: Physical=15.9GB (16GB approx)
[2016.04.11-09.51.59:737][  0]LogMemory: Platform Memory Stats for Windows
[2016.04.11-09.51.59:737][  0]LogMemory: Process Physical Memory: 314.98 MB used, 314.98 MB peak
[2016.04.11-09.51.59:737][  0]LogMemory: Process Virtual Memory: 317.31 MB used, 317.31 MB peak
[2016.04.11-09.51.59:737][  0]LogMemory: Physical Memory: 5070.52 MB used, 16303.93 MB total
[2016.04.11-09.51.59:737][  0]LogMemory: Virtual Memory: 618.37 MB used, 8388608.00 MB total
[2016.04.11-09.51.59:784][  0]LogTextLocalizationManager: No translations for ('da-DK') exist, falling back to 'en' for localization and internationalization data.
[2016.04.11-09.52.00:171][  0]LogD3D11RHI: D3D11 adapters:
[2016.04.11-09.52.00:200][  0]LogD3D11RHI:    0. 'NVIDIA GeForce GTX 765M    ' (Feature Level 11_0)
[2016.04.11-09.52.00:200][  0]LogD3D11RHI:       1991MB of dedicated video memory, 0MB of dedicated system memory, and 2048MB of shared system memory, 1 output[s]
[2016.04.11-09.52.00:214][  0]LogD3D11RHI:    1. 'NVIDIA GeForce GTX 765M    ' (Feature Level 11_0)
[2016.04.11-09.52.00:214][  0]LogD3D11RHI:       1991MB of dedicated video memory, 0MB of dedicated system memory, and 2048MB of shared system memory, 0 output[s]
[2016.04.11-09.52.00:214][  0]LogD3D11RHI: Chosen D3D11 Adapter: 0
[2016.04.11-09.52.00:221][  0]LogD3D11RHI: Creating new Direct3DDevice
[2016.04.11-09.52.00:221][  0]LogD3D11RHI:     Adapter Name: Intel(R) HD Graphics 4600
[2016.04.11-09.52.00:221][  0]LogD3D11RHI:   Driver Version: Unknown (internal Unknown)
[2016.04.11-09.52.00:221][  0]LogD3D11RHI:      Driver Date: Unknown
[2016.04.11-09.52.00:221][  0]LogRHI: Texture pool is 1361 MB (70% of 1945 MB)
[2016.04.11-09.52.00:237][  0]LogD3D11RHI: Async texture creation enabled
[2016.04.11-09.52.00:251][  0]LogShaderCompilers: Guid format shader working directory is 12 characters bigger than the processId version (../../../../PuzzleGame/PuzzleHorror/Intermediate/Shaders/WorkingDirectory/6708/).
[2016.04.11-09.52.00:251][  0]LogShaderCompilers: Cleaned the shader compiler working directory 'C:/Users/Skinke/AppData/Local/Temp/UnrealShaderWorkingDir/C2B0B4934735D014767657B8D7730B54/'.
[2016.04.11-09.52.00:251][  0]LogShaderCompilers:Display: Using Local Shader Compiler.
[2016.04.11-09.52.01:218][  0]LogTemp:Display: Loaded TP AllDesktopTargetPlatform
[2016.04.11-09.52.01:223][  0]LogTemp:Display: Loaded TP WindowsClientTargetPlatform
[2016.04.11-09.52.01:228][  0]LogTemp:Display: Loaded TP WindowsNoEditorTargetPlatform
[2016.04.11-09.52.01:234][  0]LogTemp:Display: Loaded TP WindowsServerTargetPlatform
[2016.04.11-09.52.01:239][  0]LogTemp:Display: Loaded TP WindowsTargetPlatform
[2016.04.11-09.52.01:242][  0]LogTemp:Display: Loaded TP AndroidTargetPlatform
[2016.04.11-09.52.01:245][  0]LogTemp:Display: Loaded TP Android_ASTCTargetPlatform
[2016.04.11-09.52.01:248][  0]LogTemp:Display: Loaded TP Android_ATCTargetPlatform
[2016.04.11-09.52.01:252][  0]LogTemp:Display: Loaded TP Android_DXTTargetPlatform
[2016.04.11-09.52.01:255][  0]LogTemp:Display: Loaded TP Android_ETC1TargetPlatform
[2016.04.11-09.52.01:258][  0]LogTemp:Display: Loaded TP Android_ETC2TargetPlatform
[2016.04.11-09.52.01:265][  0]LogTemp:Display: Loaded TP Android_MultiTargetPlatform
[2016.04.11-09.52.01:265][  0]LogTemp:Display: Loaded TP Android_PVRTCTargetPlatform
[2016.04.11-09.52.01:266][  0]LogTemp:Display: Loaded TP HTML5TargetPlatform
[2016.04.11-09.52.01:283][  0]LogTemp:Display: Loaded TP IOSTargetPlatform
[2016.04.11-09.52.01:286][  0]LogTemp:Display: Loaded TP TVOSTargetPlatform
[2016.04.11-09.52.01:289][  0]LogTemp:Display: Loaded TP LinuxNoEditorTargetPlatform
[2016.04.11-09.52.01:291][  0]LogTemp:Display: Loaded TP LinuxServerTargetPlatform
[2016.04.11-09.52.01:294][  0]LogTemp:Display: Loaded TP LinuxTargetPlatform
[2016.04.11-09.52.01:294][  0]LogTargetPlatformManager:Display: Building Assets For Windows
[2016.04.11-09.52.01:386][  0]LogDerivedDataCache:Display: Max Cache Size: 512 MB
[2016.04.11-09.52.01:436][  0]LogDerivedDataCache: Loaded boot cache 0.05s 46MB C:/Users/Skinke/AppData/Local/UnrealEngine/4.11/DerivedDataCache/Boot.ddc.
[2016.04.11-09.52.01:436][  0]LogDerivedDataCache:Display: Loaded Boot cache: C:/Users/Skinke/AppData/Local/UnrealEngine/4.11/DerivedDataCache/Boot.ddc
[2016.04.11-09.52.01:436][  0]LogDerivedDataCache: FDerivedDataBackendGraph:  Pak pak cache file ../../../../PuzzleGame/PuzzleHorror/DerivedDataCache/DDC.ddp not found, will not use a pak cache.
[2016.04.11-09.52.01:436][  0]LogDerivedDataCache: Unable to find inner node Pak for hierarchical cache Hierarchy.
[2016.04.11-09.52.01:436][  0]LogDerivedDataCache: FDerivedDataBackendGraph:  CompressedPak pak cache file ../../../../PuzzleGame/PuzzleHorror/DerivedDataCache/Compressed.ddp not found, will not use a pak cache.
[2016.04.11-09.52.01:436][  0]LogDerivedDataCache: Unable to find inner node CompressedPak for hierarchical cache Hierarchy.
[2016.04.11-09.52.01:450][  0]LogDerivedDataCache:Display: Pak cache opened for reading ../../../Engine/DerivedDataCache/Compressed.ddp.
[2016.04.11-09.52.01:462][  0]LogDerivedDataCache: Using Local data cache path C:/Users/Skinke/AppData/Local/UnrealEngine/Common/DerivedDataCache: Writable
[2016.04.11-09.52.01:623][  0]LogInit: Selected Device Profile: [Windows]
[2016.04.11-09.52.01:623][  0]LogContentStreaming: Texture pool size is 0.00 MB
[2016.04.11-09.52.01:648][  0]LogMaterial: Uniform references updated for custom material expression Custom.
[2016.04.11-09.52.01:781][  0]LogMeshUtilities: No automatic mesh reduction module available
[2016.04.11-09.52.01:781][  0]LogMeshUtilities: No automatic mesh merging module available
[2016.04.11-09.52.01:781][  0]LogMeshUtilities: No distributed automatic mesh merging module available
[2016.04.11-09.52.02:014][  0]LogUObjectArray: 27672 objects as part of root set at end of initial load.
[2016.04.11-09.52.02:014][  0]LogUObjectAllocator: 5589896 out of 0 bytes used by permanent object pool.
[2016.04.11-09.52.02:015][  0]LogUObjectArray: CloseDisregardForGC: 0/0 objects in disregard for GC pool
[2016.04.11-09.52.02:023][  0]LogInit: WinSock: version 1.1 (2.2), MaxSocks=32767, MaxUdp=65467
[2016.04.11-09.52.02:124][  0]LogSlate: SlateFontCache - WITH_FREETYPE: 1, WITH_HARFBUZZ: 1
[2016.04.11-09.52.02:124][  0]LogSlate: SlateFontCache - WITH_FREETYPE: 1, WITH_HARFBUZZ: 1
[2016.04.11-09.52.02:301][  0]LogStreaming:Warning: Failed to read file '../../../Engine/Content/Editor/Slate/Common/Selection_16x.png' error.
[2016.04.11-09.52.02:301][  0]LogSlate: Could not find file for Slate resource: ../../../Engine/Content/Editor/Slate/Common/Selection_16x.png
[2016.04.11-09.52.02:301][  0]LogStreaming:Warning: Failed to read file '../../../Engine/Content/Editor/Slate/Common/Selection_16x.png' error.
[2016.04.11-09.52.02:301][  0]LogSlate: Could not find file for Slate resource: ../../../Engine/Content/Editor/Slate/Common/Selection_16x.png
[2016.04.11-09.52.02:301][  0]LogStreaming:Warning: Failed to read file '../../../Engine/Content/Editor/Slate/Common/Selection_16x.png' error.
[2016.04.11-09.52.02:301][  0]LogSlate: Could not find file for Slate resource: ../../../Engine/Content/Editor/Slate/Common/Selection_16x.png
[2016.04.11-09.52.03:122][  0]LogUdpMessaging: Initializing bridge on interface 0.0.0.0:0 to multicast group 230.0.0.1:6666.
[2016.04.11-09.52.03:277][  0]LogAssetRegistry: FAssetRegistry took 0.0204 seconds to start up
[2016.04.11-09.52.03:434][  0]SourceControl: Info Source control is disabled
[2016.04.11-09.52.03:501][  0]SourceControl: Info Source control is disabled
[2016.04.11-09.52.03:511][  0]SourceControl: Info Source control is disabled
[2016.04.11-09.52.03:521][  0]SourceControl: Info Source control is disabled
[2016.04.11-09.52.03:741][  0]LogEngine: Initializing Engine...
[2016.04.11-09.52.03:742][  0]LogHMD: SteamVR failed to initialize.  Err: 110
[2016.04.11-09.52.03:886][  0]LogAIModule: Creating AISystem for world NewWorld
[2016.04.11-09.52.03:897][  0]LogInit: XAudio2 using 'Speakers (PDP Audio Device)' : 2 channels at 44.1 kHz using 16 bits per sample (channel mask 0x3)
[2016.04.11-09.52.03:907][  0]LogInit: FAudioDevice initialized.
[2016.04.11-09.52.03:933][  0]LogDerivedDataCache: Saved boot cache 0.03s 46MB C:/Users/Skinke/AppData/Local/UnrealEngine/4.11/DerivedDataCache/Boot.ddc.
[2016.04.11-09.52.03:938][  0]LogInit: Texture streaming: Enabled
[2016.04.11-09.52.03:964][  0]LogInit: Transaction tracking system initialized
[2016.04.11-09.52.03:993][  0]BlueprintLog: New page: Editor Load
[2016.04.11-09.52.04:082][  0]LocalizationService: Info Localization service is disabled
[2016.04.11-09.52.04:167][  0]LogConsoleResponse:Display: 
[2016.04.11-09.52.04:273][  0]LogCook:Display: Max memory allowance for cook 8192mb
[2016.04.11-09.52.04:273][  0]LogCook:Display: Mobile HDR setting 1
[2016.04.11-09.52.04:273][  0]LogCook:Display: Done creating registry. It took  0.00s.
[2016.04.11-09.52.04:331][  0]LogFileCache: Scanning file cache for directory 'D:/Programmer/Epic Games/PuzzleGame/PuzzleHorror/Content/' took 0.01s
[2016.04.11-09.52.04:331][  0]SourceControl: Info Source control is disabled
[2016.04.11-09.52.04:331][  0]Cmd: MAP LOAD FILE="../../../Engine/Content/Maps/Templates/Template_Default.umap" TEMPLATE=1 SHOWPROGRESS=1 FEATURELEVEL=3
[2016.04.11-09.52.04:332][  0]LightingResults: New page: Lighting Build
[2016.04.11-09.52.04:335][  0]MapCheck: New page: Map Check
[2016.04.11-09.52.04:335][  0]LightingResults: New page: Lighting Build
[2016.04.11-09.52.04:530][  0]LogAIModule: Creating AISystem for world Untitled_1
[2016.04.11-09.52.04:536][  0]LogEditorServer: Finished looking for orphan Actors (0.000 secs)
[2016.04.11-09.52.04:540][  0]Cmd: MAP CHECKDEP NOCLEARLOG
[2016.04.11-09.52.04:607][  0]MapCheck: Info Map check complete: 0 Error(s), 0 Warning(s), took 67.413ms to complete.
[2016.04.11-09.52.04:607][  0]LogFileHelpers: Loading map 'Template_Default' took 0.276
[2016.04.11-09.52.04:761][  0]LogCollectionManager: Loaded 0 collections in 0.002657 seconds
[2016.04.11-09.52.04:809][  0]LogFileCache: Scanning file cache for directory 'D:/Programmer/Epic Games/PuzzleGame/PuzzleHorror/Saved/Collections/' took 0.01s
[2016.04.11-09.52.04:809][  0]LogFileCache: Scanning file cache for directory 'D:/Programmer/Epic Games/PuzzleGame/PuzzleHorror/Content/Developers/Skinke/Collections/' took 0.01s
[2016.04.11-09.52.04:809][  0]LogFileCache: Scanning file cache for directory 'D:/Programmer/Epic Games/PuzzleGame/PuzzleHorror/Content/Collections/' took 0.01s
[2016.04.11-09.52.04:809][  0]LogCollectionManager: Rebuilt the GUID cache for 0 collections in 0.000005 seconds
[2016.04.11-09.52.04:829][  0]LogContentBrowser: Native class hierarchy populated in 0.0192 seconds. Added 1980 classes and 347 folders.
[2016.04.11-09.52.04:839][  0]LogStats: UGameplayTagsManager::ConstructGameplayTagTree: Construct from data asset -  0.000 s
[2016.04.11-09.52.04:839][  0]LogStats: UGameplayTagsManager::ConstructGameplayTagTree: GameplayTagTreeChangedEvent.Broadcast -  0.000 s
[2016.04.11-09.52.04:842][  0]LogContentBrowser: Native class hierarchy updated for 'GameplayTags' in 0.0030 seconds. Added 12 classes and 0 folders.
[2016.04.11-09.52.04:860][  0]LogContentBrowser: Native class hierarchy updated for 'WidgetCarousel' in 0.0029 seconds. Added 0 classes and 0 folders.
[2016.04.11-09.52.04:880][  0]LogContentBrowser: Native class hierarchy updated for 'SuperSearch' in 0.0022 seconds. Added 1 classes and 2 folders.
[2016.04.11-09.52.04:949][  0]LogContentBrowser: Native class hierarchy updated for 'AddContentDialog' in 0.0012 seconds. Added 0 classes and 0 folders.
[2016.04.11-09.52.04:994][  0]LogCrashTracker: Crashtracker disabled due to settings.
[2016.04.11-09.52.04:999][  0]LogUObjectGlobals:Warning: Failed to find object 'Class None.'
[2016.04.11-09.52.05:028][  0]LogContentBrowser: Native class hierarchy updated for 'HierarchicalLODOutliner' in 0.0020 seconds. Added 1 classes and 2 folders.
[2016.04.11-09.52.05:028][  0]LogLoad: Full Startup: 6.18 seconds (BP compile: 0.03 seconds)
[2016.04.11-09.52.05:028][  0]LogExternalProfiler: Found external profiler: VSPerf
[2016.04.11-09.52.05:028][  0]LogExternalProfiler: Using external profiler: VSPerf
[2016.04.11-09.52.05:050][  0]LogOcInput: Can't find Oculus library dev build: is proper Runtime installed? Version: 0.8.0.0
[2016.04.11-09.52.05:077][  0]LogAssetRegistry: Asset discovery search completed in 1.8213 seconds
[2016.04.11-09.52.05:078][  0]LogCollectionManager: Rebuilt the object cache for 0 collections in 0.000001 seconds (found 0 objects)
[2016.04.11-09.52.05:078][  0]LogCollectionManager: Fixed up redirectors for 0 collections in 0.000017 seconds (updated 0 objects)
[2016.04.11-09.52.05:100][  0]LogContentStreaming: Texture pool size now 1000 MB
[2016.04.11-09.52.05:244][  0]LogRenderer: Reallocating scene render targets to support 860x576 (Frame:2).
[2016.04.11-09.52.05:299][  1]LogFileCache: Retrieving MD5 hashes for directory 'D:/Programmer/Epic Games/PuzzleGame/PuzzleHorror/Content/' took 0.24s
[2016.04.11-09.52.08:061][143]AssetReimport: New page: Outstanding source content changes 12:52:08 PM
[2016.04.11-09.52.08:062][143]LogFactory: FactoryCreateBinary: StaticMesh with FbxFactory (0 0 D:/Programmer/Epic Games/PuzzleGame/PuzzleHorror/Content/Probs/door1.fbx)
[2016.04.11-09.52.08:067][143]LogFbx: ItemName: GlobalSettings, ItemCount : 1
[2016.04.11-09.52.08:067][143]LogFbx: ItemName: Geometry, ItemCount : 1
[2016.04.11-09.52.08:067][143]LogFbx: ItemName: Model, ItemCount : 1
[2016.04.11-09.52.08:067][143]LogFbx: ItemName: Material, ItemCount : 4
[2016.04.11-09.52.08:067][143]LogFbx: ItemName: Texture, ItemCount : 1
[2016.04.11-09.52.08:067][143]LogFbx: ItemName: Video, ItemCount : 1
[2016.04.11-09.52.08:072][143]LogFbx: Loading FBX Scene from D:/Programmer/Epic Games/PuzzleGame/PuzzleHorror/Content/Probs/door1.fbx
[2016.04.11-09.52.08:079][143]LogFbx: FBX Scene Loaded Succesfully
[2016.04.11-09.52.16:477][312]AssetReimport: Info Importing new asset /Game/Probs/door1.
[2016.04.11-09.52.16:477][312]AssetReimport: Info Failed to import file D:/Programmer/Epic Games/PuzzleGame/PuzzleHorror/Content/Probs/door1.fbx.
[2016.04.11-09.52.41:630][799]MapCheck: New page: Map Check
[2016.04.11-09.52.41:658][799]Cmd: MAP REBUILD ALLVISIBLE
[2016.04.11-09.52.41:658][799]LogEditorServer: Rebuildmap Clear paths rebuilt
[2016.04.11-09.52.41:700][799]LightingResults: New page: Lighting Build - Apr 11, 2016, 12:52:41 PM
[2016.04.11-09.52.41:734][799]LogSwarmInterface: [OpenConnection] Registering TCP channel ...
[2016.04.11-09.52.41:772][799]LogSwarmInterface: [OpenConnection] Connecting to agent ...
[2016.04.11-09.52.41:781][799]LogSwarmInterface: [TryOpenConnection] Testing the Agent
[2016.04.11-09.52.42:302][799]LogSwarmInterface: [TryOpenConnection] Opening Connection to Agent
[2016.04.11-09.52.42:302][799]LogSwarmInterface: [TryOpenConnection] Local Process ID is 6708
[2016.04.11-09.52.46:080][799]LogStaticLightingSystem:Warning: No importance volume found, so the scene bounding box was used.  You can optimize your scene's quality and lighting build times by adding importance volumes.
[2016.04.11-09.52.46:080][799]LogStaticLightingSystem: Running Lightmass w/ ImmediateImport mode ENABLED
[2016.04.11-09.52.46:080][799]LogStaticLightingSystem: Running Lightmass w/ ImmediateProcess mode ENABLED
[2016.04.11-09.52.46:080][799]LogStaticLightingSystem: Running Lightmass w/ Sorting mode ENABLED
[2016.04.11-09.52.46:080][799]LogStaticLightingSystem: Running Lightmass w/ Mapping paddings ENABLED
[2016.04.11-09.52.46:080][799]LogStaticLightingSystem: Running Lightmass w/ Mapping debug paddings DISABLED
[2016.04.11-09.52.46:257][799]Cmd: MAP CHECK DONTDISPLAYDIALOG
[2016.04.11-09.52.46:257][799]MapCheck: New page: Untitled_1 - Apr 11, 2016, 12:52:46 PM
[2016.04.11-09.52.46:341][799]MapCheck: Info Map check complete: 0 Error(s), 0 Warning(s), took 83.702ms to complete.
[2016.04.11-09.52.46:361][799]LogEditorBuildUtils: Build time 0:00:04
[2016.04.11-09.52.48:233][852]Job is a success!
[2016.04.11-09.52.58:524][461]LogAIModule: Creating AISystem for world WorldMap
[2016.04.11-09.53.16:438][532]LogPlayLevel: PlayLevel: No blueprints needed recompiling
[2016.04.11-09.53.16:439][532]PIE: New page: PIE session: Untitled_1 (Apr 11, 2016, 12:53:16 PM)
[2016.04.11-09.53.16:439][532]LogPlayLevel: Creating play world package: /Temp/UEDPIE_0_Untitled_1
[2016.04.11-09.53.16:440][532]LogPlayLevel: PIE: StaticDuplicateObject took: (0.001515s)
[2016.04.11-09.53.16:441][532]LogAIModule: Creating AISystem for world Untitled_1
[2016.04.11-09.53.16:441][532]LogPlayLevel: PIE: World Init took: (0.000529s)
[2016.04.11-09.53.16:441][532]LogPlayLevel: PIE: Created PIE world by copying editor world from /Temp/Untitled_1.Untitled_1 to /Temp/UEDPIE_0_Untitled_1.Untitled_1 (0.002270s)
[2016.04.11-09.53.16:457][532]LogInit: XAudio2 using 'Speakers (PDP Audio Device)' : 2 channels at 44.1 kHz using 16 bits per sample (channel mask 0x3)
[2016.04.11-09.53.16:468][532]LogInit: FAudioDevice initialized.
[2016.04.11-09.53.16:512][532]LogWorld: Game class is 'GameMode'
[2016.04.11-09.53.16:515][532]LogWorld: Bringing World /Temp/UEDPIE_0_Untitled_1.Untitled_1 up for play (max tick rate 60) at 2016.04.11-11.53.16
[2016.04.11-09.53.16:515][532]LogWorld: Bringing up level for play took: 0.001521
[2016.04.11-09.53.16:522][532]LogContentBrowser: Native class hierarchy updated for 'MovieSceneCapture' in 0.0013 seconds. Added 9 classes and 0 folders.
[2016.04.11-09.53.16:523][532]PIE: Info Play in editor start time for /Temp/UEDPIE_0_Untitled_1 0.775
[2016.04.11-09.54.53:405][964]LogVSAccessor:Warning: Couldn't access Visual Studio
[2016.04.11-09.54.53:411][964]Recompiling PuzzleHorror...
[2016.04.11-09.54.53:412][964]Launching UnrealBuildTool... [D:/Programmer/Epic Games/4.11/Engine/Binaries/DotNET/UnrealBuildTool.exe PuzzleHorror -ModuleWithSuffix PuzzleHorror 8809 Win64 Development -editorrecompile -canskiplink "D:/Programmer/Epic Games/PuzzleGame/PuzzleHorror/PuzzleHorror.uproject"  -2015]
[2016.04.11-09.54.53:442][964]Warning: Starting HotReload took  0.0s.
[2016.04.11-09.55.02:153][471]CompilerResultsLog: New page: Compilation - Apr 11, 2016, 12:55:02 PM
[2016.04.11-09.55.02:153][471]CompilerResultsLog: Info Performing full C++ include scan (hot reloading a new target)
[2016.04.11-09.55.02:153][471]CompilerResultsLog: Info Creating makefile for hot reloading PuzzleHorror (no existing makefile)
[2016.04.11-09.55.02:153][471]CompilerResultsLog: Info Compiling game modules for hot reload
[2016.04.11-09.55.02:153][471]CompilerResultsLog: Info Target is up to date
[2016.04.11-09.55.02:153][471]LogMainFrame: MainFrame: Module compiling took 8.748 seconds
[2016.04.11-09.55.20:180][545]LogActorComponent: UnregisterComponent: (/Engine/Transient.MovementComponent0) Not registered. Aborting.
[2016.04.11-09.55.34:822][983]LogTexture:Display: Building textures: HQ_Lightmap0_1 (AutoDXT)
[2016.04.11-09.55.34:822][983]LogTexture:Display: Building textures: LQ_Lightmap_0_1 (DXT1)
[2016.04.11-09.55.34:822][983]LogTexture:Display: Building textures: HQ_Lightmap1_2 (AutoDXT)
[2016.04.11-09.55.34:822][983]LogTexture:Display: Building textures: LQ_Lightmap_1_2 (DXT1)
[2016.04.11-09.55.34:822][983]LogTexture:Display: Building textures: ShadowMapTexture2D_0 (G8)
[2016.04.11-09.55.34:822][983]LogTexture:Display: Building textures: ShadowMapTexture2D_3 (G8)
[2016.04.11-09.55.34:822][983]Lightmass on SKINKE-PC: 2:47 min total, 118 ms importing, 29 ms setup, 256 ms photons, 2:46 min processing, 0 ms extra exporting [2/2 mappings]. Threads: 19:27 min total, 163 ms processing.
[2016.04.11-09.55.34:837][983]LogStaticLightingSystem: Illumination: 6.63 sec (16 ms encoding lightmaps, 11 ms encoding shadowmaps)
[2016.04.11-09.55.34:837][983]LogStaticLightingSystem: Lightmap texture memory:  0.1 MB (0.1 MB streaming, 0.0 MB non-streaming), 4 textures
[2016.04.11-09.55.34:837][983]LogStaticLightingSystem: Shadowmap texture memory: 0.0 MB (0.0 MB streaming, 0.0 MB non-streaming), 2 textures
[2016.04.11-09.55.35:123][984]Cmd: MAP CHECK NOTIFYRESULTS
[2016.04.11-09.55.35:123][984]MapCheck: New page: Untitled_1 - Apr 11, 2016, 12:55:35 PM
[2016.04.11-09.55.35:216][984]MapCheck: Info Map check complete: 0 Error(s), 0 Warning(s), took 93.139ms to complete.
[2016.04.11-09.55.38:915][110]Cmd: MAP LOAD FILE="../../../../PuzzleGame/PuzzleHorror/Content/Maps/WorldMap.umap" TEMPLATE=0 SHOWPROGRESS=1 FEATURELEVEL=3
[2016.04.11-09.55.38:916][110]LightingResults: New page: Lighting Build
[2016.04.11-09.55.38:945][110]LoadErrors: New page: Loading map: WorldMap.umap
[2016.04.11-09.55.38:946][110]MapCheck: New page: Map Check
[2016.04.11-09.55.38:946][110]LightingResults: New page: Lighting Build
[2016.04.11-09.55.39:012][110]LogEditorServer: Finished looking for orphan Actors (0.000 secs)
[2016.04.11-09.55.39:060][110]Cmd: MAP CHECKDEP NOCLEARLOG
[2016.04.11-09.55.39:182][110]MapCheck: Info Map check complete: 0 Error(s), 0 Warning(s), took 122.233ms to complete.
[2016.04.11-09.55.39:182][110]LogFileHelpers: Loading map 'WorldMap' took 0.275
[2016.04.11-09.56.22:891][883]LogFactory: FactoryCreateBinary: StaticMesh with FbxFactory (0 0 ../../../../PuzzleGame/PuzzleHorror/Content/Probs/door1.fbx)
[2016.04.11-09.56.22:894][883]LogFbx: ItemName: GlobalSettings, ItemCount : 1
[2016.04.11-09.56.22:894][883]LogFbx: ItemName: Geometry, ItemCount : 1
[2016.04.11-09.56.22:894][883]LogFbx: ItemName: Model, ItemCount : 1
[2016.04.11-09.56.22:894][883]LogFbx: ItemName: Material, ItemCount : 4
[2016.04.11-09.56.22:894][883]LogFbx: ItemName: Texture, ItemCount : 1
[2016.04.11-09.56.22:894][883]LogFbx: ItemName: Video, ItemCount : 1
[2016.04.11-09.56.22:900][883]LogFbx: Loading FBX Scene from ../../../../PuzzleGame/PuzzleHorror/Content/Probs/door1.fbx
[2016.04.11-09.56.22:909][883]LogFbx: FBX Scene Loaded Succesfully
[2016.04.11-09.56.24:325][883]LogFbx: Loading FBX Scene from ../../../../PuzzleGame/PuzzleHorror/Content/Probs/door1.fbx
[2016.04.11-09.56.24:332][883]LogFbx: FBX Scene Loaded Succesfully
[2016.04.11-09.56.24:336][883]LogLinker:Warning: Can't find file '/Game/Maps/doorWood'
[2016.04.11-09.56.24:336][883]LogLinker:Warning: Can't find file '/Game/Maps/doorWood'
[2016.04.11-09.56.24:338][883]LogUObjectGlobals:Warning: Failed to find object 'Texture /Game/Maps/doorWood.doorWood'
[2016.04.11-09.56.24:415][883]LogTexture:Display: Building textures: doorWood2 (AutoDXT)
[2016.04.11-09.56.25:065][883]LogMaterial: Missing cached shader map for material doorWood, compiling. 
[2016.04.11-09.56.25:091][883]LogLinker:Warning: Can't find file '/Game/Maps/Hinges'
[2016.04.11-09.56.25:091][883]LogLinker:Warning: Can't find file '/Game/Maps/Hinges'
[2016.04.11-09.56.25:095][883]LogMaterial: Missing cached shader map for material Hinges, compiling. 
[2016.04.11-09.56.25:104][883]LogLinker:Warning: Can't find file '/Game/Maps/Outlines'
[2016.04.11-09.56.25:104][883]LogLinker:Warning: Can't find file '/Game/Maps/Outlines'
[2016.04.11-09.56.25:108][883]LogMaterial: Missing cached shader map for material Outlines, compiling. 
[2016.04.11-09.56.25:118][883]LogLinker:Warning: Can't find file '/Game/Maps/DoorHandle'
[2016.04.11-09.56.25:118][883]LogLinker:Warning: Can't find file '/Game/Maps/DoorHandle'
[2016.04.11-09.56.25:123][883]LogMaterial: Missing cached shader map for material DoorHandle, compiling. 
[2016.04.11-09.56.25:136][883]LogFbx:Warning: Triangulating static mesh Door
[2016.04.11-09.56.25:689][883]LogStaticMesh: Building static mesh door1...
[2016.04.11-09.56.25:815][883]LogStaticMesh: Built static mesh [0.13s] /Game/Maps/door1.door1
[2016.04.11-09.56.25:832][883]LogStaticMesh:Warning: door1 has degenerate tangent bases which will result in incorrect shading.  MikkTSpace relies on tangent bases and may result in mesh corruption, consider disabling this option.
[2016.04.11-09.56.25:841][883]FBXImport:Warning: Warning Warning: No smoothing group information was found in this FBX scene.  Please make sure to enable the 'Export Smoothing Groups' option in the FBX Exporter plug-in before exporting the file.  Even for tools that don't support smoothing groups, the FBX Exporter will generate appropriate smoothing data at export-time so that correct vertex normals can be inferred while importing. 
[2016.04.11-09.56.25:841][883]FBXImport:Warning: Warning door1 has degenerate tangent bases which will result in incorrect shading.  MikkTSpace relies on tangent bases and may result in mesh corruption, consider disabling this option. 
[2016.04.11-09.57.05:586][907]LogActorFactory: Actor Factory created door1
[2016.04.11-09.57.06:714][973]LogActorFactory: Actor Factory created door1
[2016.04.11-09.57.07:888][ 40]Cmd: CAMERA ALIGN ACTIVEVIEWPORTONLY
[2016.04.11-09.58.23:444][525]LogUnrealMath: Expression Error : No value recognized
[2016.04.11-09.58.23:444][525]LogUnrealMath: Expression Error : Error in expression
[2016.04.11-09.58.28:758][836]Cmd: CAMERA ALIGN ACTIVEVIEWPORTONLY
[2016.04.11-09.58.53:030][117]LogEditorViewport: Clicking on Actor (LMB): StaticMeshActor (Wall11)
[2016.04.11-09.58.53:132][118]LogEditorViewport: Clicking on Component (LMB): StaticMeshComponent (StaticMeshComponent0)
[2016.04.11-09.58.54:060][159]LogEditorViewport: Clicking on Actor (LMB): StaticMeshActor (door1)
[2016.04.11-09.59.04:156][667]LogEditorViewport: Clicking on Actor (LMB): StaticMeshActor (Wall_West)
[2016.04.11-09.59.04:969][696]LogEditorViewport: Clicking on Actor (LMB): StaticMeshActor (door1)
[2016.04.11-09.59.55:784][170]LogRenderer: Reallocating scene render targets to support 876x576 (Frame:23761).
[2016.04.11-10.00.42:008][462]LogEditorViewport: Clicking on Actor (LMB): StaticMeshActor (Floor)
[2016.04.11-10.00.42:064][462]LogEditorViewport: Clicking on Component (LMB): StaticMeshComponent (StaticMeshComponent0)
[2016.04.11-10.00.51:183][918]Cmd: EDIT COPY
[2016.04.11-10.00.56:638][192]Cmd: EDIT COPY
[2016.04.11-10.00.56:989][212]Cmd: EDIT PASTE
[2016.04.11-10.01.04:026][549]Cmd: CAMERA ALIGN ACTIVEVIEWPORTONLY
[2016.04.11-10.01.23:866][425]Cmd: EDIT COPY
[2016.04.11-10.01.24:423][457]Cmd: EDIT PASTE
[2016.04.11-10.01.29:155][686]Cmd: CAMERA ALIGN ACTIVEVIEWPORTONLY
[2016.04.11-10.01.49:386][599]Cmd: TRANSACTION UNDO
[2016.04.11-10.01.49:386][599]LogEditorTransaction: Undo Move Actors
[2016.04.11-10.03.03:779][915]Cmd: EDIT COPY
[2016.04.11-10.03.04:223][933]Cmd: EDIT PASTE
[2016.04.11-10.03.08:902][142]Cmd: CAMERA ALIGN ACTIVEVIEWPORTONLY
[2016.04.11-10.03.40:589][582]LogEditorViewport: Clicking on Actor (context menu): StaticMeshActor (Wall4)
[2016.04.11-10.03.41:764][622]LogEditorViewport: Clicking on Actor (LMB): StaticMeshActor (door4)
[2016.04.11-10.03.51:135][ 69]Cmd: EDIT COPY
[2016.04.11-10.03.52:057][117]Cmd: EDIT PASTE
[2016.04.11-10.03.56:511][328]Cmd: CAMERA ALIGN ACTIVEVIEWPORTONLY
[2016.04.11-10.04.50:814][750]Cmd: EDIT COPY
[2016.04.11-10.04.51:149][766]Cmd: EDIT PASTE
[2016.04.11-10.04.56:774][ 20]Cmd: CAMERA ALIGN ACTIVEVIEWPORTONLY
[2016.04.11-10.04.58:549][ 94]LogEditorViewport: Clicking on Actor (LMB): StaticMeshActor (Wall39)
[2016.04.11-10.04.58:593][ 94]LogEditorViewport: Clicking on Component (LMB): StaticMeshComponent (StaticMeshComponent0)
[2016.04.11-10.04.59:466][140]LogEditorViewport: Clicking on Actor (LMB): StaticMeshActor (door6)
[2016.04.11-10.05.41:997][878]Cmd: EDIT COPY
[2016.04.11-10.05.42:336][893]Cmd: EDIT PASTE
[2016.04.11-10.06.01:184][713]Cmd: CAMERA ALIGN ACTIVEVIEWPORTONLY
[2016.04.11-10.06.25:156][545]LogUnrealMath: Expression Error : No value recognized
[2016.04.11-10.06.25:156][545]LogUnrealMath: Expression Error : Error in expression
[2016.04.11-10.07.01:419][130]Cmd: EDIT COPY
[2016.04.11-10.07.01:817][143]Cmd: EDIT PASTE
[2016.04.11-10.07.06:722][365]Cmd: CAMERA ALIGN ACTIVEVIEWPORTONLY
[2016.04.11-10.07.52:596][472]LogEditorViewport: Clicking on Actor (LMB): StaticMeshActor (door1)
[2016.04.11-10.07.57:487][673]LogEditorViewport: Clicking on Actor (LMB): StaticMeshActor (door7)
[2016.04.11-10.08.42:434][526]LogEditorViewport: Clicking on Actor (LMB): StaticMeshActor (door4)
[2016.04.11-10.08.44:268][614]Cmd: CAMERA ALIGN ACTIVEVIEWPORTONLY
[2016.04.11-10.09.01:106][328]LogEditorViewport: Clicking on Actor (context menu): StaticMeshActor (Wall42)
[2016.04.11-10.09.02:460][394]LogEditorViewport: Clicking on Actor (LMB): StaticMeshActor (Wall_South)
[2016.04.11-10.09.04:619][472]LogEditorViewport: Clicking on Actor (LMB): StaticMeshActor (Wall43)
[2016.04.11-10.09.05:138][486]LogEditorViewport: Clicking on Actor (LMB): StaticMeshActor (door8)
[2016.04.11-10.09.08:388][602]LogEditorActor: Deleted Actor: StaticMeshActor
[2016.04.11-10.09.08:389][602]LogEditorActor: Deleted Actor: StaticMeshActor
[2016.04.11-10.09.08:389][602]LogEditorActor: Deleted Actor: StaticMeshActor
[2016.04.11-10.09.08:390][602]LogEditorActor: Deleted Actor: StaticMeshActor
[2016.04.11-10.09.08:390][602]LogEditorActor: Deleted Actor: StaticMeshActor
[2016.04.11-10.09.08:391][602]LogEditorActor: Deleted Actor: StaticMeshActor
[2016.04.11-10.09.08:391][602]LogEditorActor: Deleted Actor: StaticMeshActor
[2016.04.11-10.09.08:392][602]LogEditorActor: Deleted Actor: StaticMeshActor
[2016.04.11-10.09.08:410][602]LogEditorActor: Deleted 8 Actors (0.023 secs)
[2016.04.11-10.16.28:981][281]LogActorFactory: Actor Factory created door1
[2016.04.11-10.16.29:817][329]LogActorFactory: Actor Factory created door1
[2016.04.11-10.16.42:299][  6]LogEditorViewport: Clicking on Actor (LMB): StaticMeshActor (Floor)
[2016.04.11-10.16.42:935][ 42]LogEditorViewport: Clicking on Actor (LMB): StaticMeshActor (door1)
[2016.04.11-10.16.43:145][ 52]Cmd: CAMERA ALIGN ACTIVEVIEWPORTONLY
[2016.04.11-10.17.36:288][759]Cmd: EDIT COPY
[2016.04.11-10.17.36:524][773]Cmd: EDIT PASTE
[2016.04.11-10.18.23:685][509]LogEditorViewport: Clicking on Actor (LMB): StaticMeshActor (Floor)
[2016.04.11-10.18.24:250][541]LogEditorViewport: Clicking on Actor (context menu): StaticMeshActor (Floor)
[2016.04.11-10.18.25:128][591]LogEditorViewport: Clicking on Actor (LMB): StaticMeshActor (door2)
[2016.04.11-10.19.51:929][ 88]LogEditorViewport: Clicking on Actor (context menu): StaticMeshActor (Wall12)
[2016.04.11-10.19.53:688][174]LogEditorViewport: Clicking on Actor (LMB): StaticMeshActor (Wall47)
[2016.04.11-10.19.57:272][332]LogEditorViewport: Clicking on Actor (LMB): StaticMeshActor (door1)
[2016.04.11-10.19.58:501][394]Cmd: EDIT COPY
[2016.04.11-10.19.58:881][415]Cmd: EDIT PASTE
[2016.04.11-10.20.03:680][666]Cmd: CAMERA ALIGN ACTIVEVIEWPORTONLY
[2016.04.11-10.20.04:578][716]LogEditorViewport: Clicking on Actor (LMB): StaticMeshActor (door3)
[2016.04.11-10.20.58:545][365]Cmd: EDIT COPY
[2016.04.11-10.20.58:884][382]Cmd: EDIT PASTE
[2016.04.11-10.21.38:283][177]LogEditorViewport: Clicking on Actor (LMB): StaticMeshActor (door5)
[2016.04.11-10.21.42:854][391]LogEditorViewport: Clicking on Actor (context menu): StaticMeshActor (Wall37)
[2016.04.11-10.21.43:842][431]LogEditorViewport: Clicking on Actor (context menu): StaticMeshActor (Floor)
[2016.04.11-10.21.44:862][482]LogEditorViewport: Clicking on Actor (LMB): StaticMeshActor (Floor)
[2016.04.11-10.21.47:938][619]LogEditorViewport: Clicking on Actor (LMB): StaticMeshActor (door3)
[2016.04.11-10.21.49:972][722]Cmd: EDIT COPY
[2016.04.11-10.21.50:351][742]Cmd: EDIT PASTE
[2016.04.11-10.21.52:571][847]Cmd: CAMERA ALIGN ACTIVEVIEWPORTONLY
[2016.04.11-10.22.49:066][456]Cmd: EDIT COPY
[2016.04.11-10.22.49:284][466]Cmd: EDIT PASTE
[2016.04.11-10.23.38:471][671]Cmd: EDIT COPY
[2016.04.11-10.23.38:857][689]Cmd: EDIT PASTE
[2016.04.11-10.23.44:019][911]Cmd: CAMERA ALIGN ACTIVEVIEWPORTONLY
[2016.04.11-10.24.31:158][109]LogEditorViewport: Clicking on Actor (LMB): StaticMeshActor (door11)
[2016.04.11-10.24.37:801][398]Cmd: EDIT COPY
[2016.04.11-10.24.38:069][407]Cmd: EDIT PASTE
[2016.04.11-10.25.15:574][ 41]LogEditorViewport: Clicking on Actor (LMB): StaticMeshActor (door13)
[2016.04.11-10.25.34:951][833]Cmd: EDIT COPY
[2016.04.11-10.25.35:216][844]Cmd: EDIT PASTE
[2016.04.11-10.26.01:092][913]Cmd: DELETE
[2016.04.11-10.26.01:092][913]Cmd: ACTOR DELETE
[2016.04.11-10.26.04:291][913]LogEditorActor: Deleted Actor: StaticMeshActor
[2016.04.11-10.26.05:735][913]LogEditorActor: Deleted A