Log file open, 04/11/16 11:51:26
LogInit:Display: Running engine for game: PuzzleHorror
LogPlatformFile: Not using cached read wrapper
LogInit:Display: RandInit(-1516494131) SRandInit(-1516494130).
LogTaskGraph: Started task graph with 4 named threads and 7 total threads.
LogStats: Stats thread started at 0.073997
LogHMD: Can't find Oculus library dev build: is proper Runtime installed? Version: 0.8.0.0
LogInit: Version: 4.11.0-2927265+++UE4+Release-4.11
LogInit: API Version: 2927265
LogInit: Compiled (64-bit): Mar 30 2016 02:13:55
LogInit: Compiled with Visual C++: 19.00.23026.00
LogInit: Build Configuration: Development
LogInit: Branch Name: ++UE4+Release-4.11
LogInit: Command line: 
LogInit: Base directory: D:/Programmer/Epic Games/4.11/Engine/Binaries/Win64/
LogInit: Installed Engine Build: 1
LogInit: Using libcurl 7.41.0
LogInit:  - built for x86_64-pc-win32
LogInit:  - supports SSL with WinSSL
LogInit:  - other features:
LogInit:      CURL_VERSION_SSL
LogInit:      CURL_VERSION_IPV6
LogInit:      CURL_VERSION_ASYNCHDNS
LogInit:      CURL_VERSION_LARGEFILE
LogInit:      CURL_VERSION_IDN
LogInit:  CurlRequestOptions (configurable via config and command line):
LogInit:  - bVerifyPeer = true  - Libcurl will verify peer certificate
LogInit:  - bUseHttpProxy = false  - Libcurl will NOT use HTTP proxy
LogInit:  - bDontReuseConnections = false  - Libcurl will reuse connections
LogInit:  - CertBundlePath = nullptr  - Libcurl will use whatever was configured at build time.
LogInit: Presizing for max 16777216 objects, including 0 objects not considered by GC, pre-allocating 0 bytes for permanent pool.
LogInit: Object subsystem initialized
[2016.04.11-09.51.26:580][  0]LogInit: Selected Device Profile: [Windows]
[2016.04.11-09.51.26:580][  0]LogInit: Applying CVar settings loaded from the selected device profile: [Windows]
[2016.04.11-09.51.26:589][  0]LogInit: Computer: SKINKE-PC
[2016.04.11-09.51.26:589][  0]LogInit: User: Skinke
[2016.04.11-09.51.26:589][  0]LogInit: CPU Page size=65536, Cores=4
[2016.04.11-09.51.26:589][  0]LogInit: High frequency timer resolution =2.338349 MHz
[2016.04.11-09.51.26:590][  0]LogMemory: Memory total: Physical=15.9GB (16GB approx)
[2016.04.11-09.51.26:590][  0]LogMemory: Platform Memory Stats for Windows
[2016.04.11-09.51.26:590][  0]LogMemory: Process Physical Memory: 314.86 MB used, 314.86 MB peak
[2016.04.11-09.51.26:590][  0]LogMemory: Process Virtual Memory: 317.22 MB used, 317.22 MB peak
[2016.04.11-09.51.26:590][  0]LogMemory: Physical Memory: 5577.37 MB used, 16303.93 MB total
[2016.04.11-09.51.26:590][  0]LogMemory: Virtual Memory: 618.37 MB used, 8388608.00 MB total
[2016.04.11-09.51.26:639][  0]LogTextLocalizationManager: No translations for ('da-DK') exist, falling back to 'en' for localization and internationalization data.
[2016.04.11-09.51.27:027][  0]LogD3D11RHI: D3D11 adapters:
[2016.04.11-09.51.27:056][  0]LogD3D11RHI:    0. 'NVIDIA GeForce GTX 765M    ' (Feature Level 11_0)
[2016.04.11-09.51.27:056][  0]LogD3D11RHI:       1991MB of dedicated video memory, 0MB of dedicated system memory, and 2048MB of shared system memory, 1 output[s]
[2016.04.11-09.51.27:072][  0]LogD3D11RHI:    1. 'NVIDIA GeForce GTX 765M    ' (Feature Level 11_0)
[2016.04.11-09.51.27:072][  0]LogD3D11RHI:       1991MB of dedicated video memory, 0MB of dedicated system memory, and 2048MB of shared system memory, 0 output[s]
[2016.04.11-09.51.27:072][  0]LogD3D11RHI: Chosen D3D11 Adapter: 0
[2016.04.11-09.51.27:079][  0]LogD3D11RHI: Creating new Direct3DDevice
[2016.04.11-09.51.27:079][  0]LogD3D11RHI:     Adapter Name: Intel(R) HD Graphics 4600
[2016.04.11-09.51.27:079][  0]LogD3D11RHI:   Driver Version: Unknown (internal Unknown)
[2016.04.11-09.51.27:079][  0]LogD3D11RHI:      Driver Date: Unknown
[2016.04.11-09.51.27:079][  0]LogRHI: Texture pool is 1361 MB (70% of 1945 MB)
[2016.04.11-09.51.27:096][  0]LogD3D11RHI: Async texture creation enabled
[2016.04.11-09.51.27:110][  0]LogShaderCompilers: Guid format shader working directory is 12 characters bigger than the processId version (../../../../PuzzleGame/PuzzleHorror/Intermediate/Shaders/WorkingDirectory/7128/).
[2016.04.11-09.51.27:110][  0]LogShaderCompilers: Cleaned the shader compiler working directory 'C:/Users/Skinke/AppData/Local/Temp/UnrealShaderWorkingDir/1D0415474C76E4A193AB1D89FF87B6CF/'.
[2016.04.11-09.51.27:110][  0]LogShaderCompilers:Display: Using Local Shader Compiler.
[2016.04.11-09.51.28:080][  0]LogTemp:Display: Loaded TP AllDesktopTargetPlatform
[2016.04.11-09.51.28:085][  0]LogTemp:Display: Loaded TP WindowsClientTargetPlatform
[2016.04.11-09.51.28:090][  0]LogTemp:Display: Loaded TP WindowsNoEditorTargetPlatform
[2016.04.11-09.51.28:095][  0]LogTemp:Display: Loaded TP WindowsServerTargetPlatform
[2016.04.11-09.51.28:100][  0]LogTemp:Display: Loaded TP WindowsTargetPlatform
[2016.04.11-09.51.28:104][  0]LogTemp:Display: Loaded TP AndroidTargetPlatform
[2016.04.11-09.51.28:107][  0]LogTemp:Display: Loaded TP Android_ASTCTargetPlatform
[2016.04.11-09.51.28:110][  0]LogTemp:Display: Loaded TP Android_ATCTargetPlatform
[2016.04.11-09.51.28:113][  0]LogTemp:Display: Loaded TP Android_DXTTargetPlatform
[2016.04.11-09.51.28:116][  0]LogTemp:Display: Loaded TP Android_ETC1TargetPlatform
[2016.04.11-09.51.28:119][  0]LogTemp:Display: Loaded TP Android_ETC2TargetPlatform
[2016.04.11-09.51.28:125][  0]LogTemp:Display: Loaded TP Android_MultiTargetPlatform
[2016.04.11-09.51.28:125][  0]LogTemp:Display: Loaded TP Android_PVRTCTargetPlatform
[2016.04.11-09.51.28:126][  0]LogTemp:Display: Loaded TP HTML5TargetPlatform
[2016.04.11-09.51.28:143][  0]LogTemp:Display: Loaded TP IOSTargetPlatform
[2016.04.11-09.51.28:146][  0]LogTemp:Display: Loaded TP TVOSTargetPlatform
[2016.04.11-09.51.28:148][  0]LogTemp:Display: Loaded TP LinuxNoEditorTargetPlatform
[2016.04.11-09.51.28:151][  0]LogTemp:Display: Loaded TP LinuxServerTargetPlatform
[2016.04.11-09.51.28:154][  0]LogTemp:Display: Loaded TP LinuxTargetPlatform
[2016.04.11-09.51.28:154][  0]LogTargetPlatformManager:Display: Building Assets For Windows
[2016.04.11-09.51.28:247][  0]LogDerivedDataCache:Display: Max Cache Size: 512 MB
[2016.04.11-09.51.28:293][  0]LogDerivedDataCache: Loaded boot cache 0.05s 46MB C:/Users/Skinke/AppData/Local/UnrealEngine/4.11/DerivedDataCache/Boot.ddc.
[2016.04.11-09.51.28:293][  0]LogDerivedDataCache:Display: Loaded Boot cache: C:/Users/Skinke/AppData/Local/UnrealEngine/4.11/DerivedDataCache/Boot.ddc
[2016.04.11-09.51.28:294][  0]LogDerivedDataCache: FDerivedDataBackendGraph:  Pak pak cache file ../../../../PuzzleGame/PuzzleHorror/DerivedDataCache/DDC.ddp not found, will not use a pak cache.
[2016.04.11-09.51.28:294][  0]LogDerivedDataCache: Unable to find inner node Pak for hierarchical cache Hierarchy.
[2016.04.11-09.51.28:294][  0]LogDerivedDataCache: FDerivedDataBackendGraph:  CompressedPak pak cache file ../../../../PuzzleGame/PuzzleHorror/DerivedDataCache/Compressed.ddp not found, will not use a pak cache.
[2016.04.11-09.51.28:294][  0]LogDerivedDataCache: Unable to find inner node CompressedPak for hierarchical cache Hierarchy.
[2016.04.11-09.51.28:308][  0]LogDerivedDataCache:Display: Pak cache opened for reading ../../../Engine/DerivedDataCache/Compressed.ddp.
[2016.04.11-09.51.28:319][  0]LogDerivedDataCache: Using Local data cache path C:/Users/Skinke/AppData/Local/UnrealEngine/Common/DerivedDataCache: Writable
[2016.04.11-09.51.28:486][  0]LogInit: Selected Device Profile: [Windows]
[2016.04.11-09.51.28:487][  0]LogContentStreaming: Texture pool size is 0.00 MB
[2016.04.11-09.51.28:510][  0]LogMaterial: Uniform references updated for custom material expression Custom.
[2016.04.11-09.51.28:645][  0]LogMeshUtilities: No automatic mesh reduction module available
[2016.04.11-09.51.28:645][  0]LogMeshUtilities: No automatic mesh merging module available
[2016.04.11-09.51.28:645][  0]LogMeshUtilities: No distributed automatic mesh merging module available
[2016.04.11-09.51.28:894][  0]LogUObjectArray: 27672 objects as part of root set at end of initial load.
[2016.04.11-09.51.28:894][  0]LogUObjectAllocator: 5589896 out of 0 bytes used by permanent object pool.
[2016.04.11-09.51.28:895][  0]LogUObjectArray: CloseDisregardForGC: 0/0 objects in disregard for GC pool
[2016.04.11-09.51.28:904][  0]LogInit: WinSock: version 1.1 (2.2), MaxSocks=32767, MaxUdp=65467
[2016.04.11-09.51.29:003][  0]LogSlate: SlateFontCache - WITH_FREETYPE: 1, WITH_HARFBUZZ: 1
[2016.04.11-09.51.29:003][  0]LogSlate: SlateFontCache - WITH_FREETYPE: 1, WITH_HARFBUZZ: 1
[2016.04.11-09.51.29:207][  0]LogStreaming:Warning: Failed to read file '../../../Engine/Content/Editor/Slate/Common/Selection_16x.png' error.
[2016.04.11-09.51.29:207][  0]LogSlate: Could not find file for Slate resource: ../../../Engine/Content/Editor/Slate/Common/Selection_16x.png
[2016.04.11-09.51.29:207][  0]LogStreaming:Warning: Failed to read file '../../../Engine/Content/Editor/Slate/Common/Selection_16x.png' error.
[2016.04.11-09.51.29:207][  0]LogSlate: Could not find file for Slate resource: ../../../Engine/Content/Editor/Slate/Common/Selection_16x.png
[2016.04.11-09.51.29:207][  0]LogStreaming:Warning: Failed to read file '../../../Engine/Content/Editor/Slate/Common/Selection_16x.png' error.
[2016.04.11-09.51.29:207][  0]LogSlate: Could not find file for Slate resource: ../../../Engine/Content/Editor/Slate/Common/Selection_16x.png
[2016.04.11-09.51.30:206][  0]LogUdpMessaging: Initializing bridge on interface 0.0.0.0:0 to multicast group 230.0.0.1:6666.
[2016.04.11-09.51.30:331][  0]LogAssetRegistry: FAssetRegistry took 0.0196 seconds to start up
[2016.04.11-09.51.30:488][  0]SourceControl: Info Source control is disabled
[2016.04.11-09.51.30:559][  0]SourceControl: Info Source control is disabled
[2016.04.11-09.51.30:569][  0]SourceControl: Info Source control is disabled
[2016.04.11-09.51.30:579][  0]SourceControl: Info Source control is disabled
[2016.04.11-09.51.30:807][  0]LogEngine: Initializing Engine...
[2016.04.11-09.51.30:807][  0]LogHMD: SteamVR failed to initialize.  Err: 110
[2016.04.11-09.51.30:954][  0]LogAIModule: Creating AISystem for world NewWorld
[2016.04.11-09.51.30:963][  0]LogInit: XAudio2 using 'Speakers (PDP Audio Device)' : 2 channels at 44.1 kHz using 16 bits per sample (channel mask 0x3)
[2016.04.11-09.51.30:985][  0]LogInit: FAudioDevice initialized.
[2016.04.11-09.51.31:011][  0]LogDerivedDataCache: Saved boot cache 0.03s 46MB C:/Users/Skinke/AppData/Local/UnrealEngine/4.11/DerivedDataCache/Boot.ddc.
[2016.04.11-09.51.31:016][  0]LogInit: Texture streaming: Enabled
[2016.04.11-09.51.31:043][  0]LogInit: Transaction tracking system initialized
[2016.04.11-09.51.31:073][  0]BlueprintLog: New page: Editor Load
[2016.04.11-09.51.31:165][  0]LocalizationService: Info Localization service is disabled
[2016.04.11-09.51.31:254][  0]LogConsoleResponse:Display: 
[2016.04.11-09.51.31:358][  0]LogCook:Display: Max memory allowance for cook 8192mb
[2016.04.11-09.51.31:358][  0]LogCook:Display: Mobile HDR setting 1
[2016.04.11-09.51.31:358][  0]LogCook:Display: Done creating registry. It took  0.00s.
[2016.04.11-09.51.31:420][  0]LogFileCache: Scanning file cache for directory 'D:/Programmer/Epic Games/PuzzleGame/PuzzleHorror/Content/' took 0.01s
[2016.04.11-09.51.31:420][  0]SourceControl: Info Source control is disabled
[2016.04.11-09.51.31:420][  0]Cmd: MAP LOAD FILE="../../../Engine/Content/Maps/Templates/Template_Default.umap" TEMPLATE=1 SHOWPROGRESS=1 FEATURELEVEL=3
[2016.04.11-09.51.31:421][  0]LightingResults: New page: Lighting Build
[2016.04.11-09.51.31:424][  0]MapCheck: New page: Map Check
[2016.04.11-09.51.31:424][  0]LightingResults: New page: Lighting Build
[2016.04.11-09.51.31:564][  0]LogTexture:Display: Building textures: HQ_Lightmap0_2 (AutoDXT)
[2016.04.11-09.51.31:566][  0]LogTexture:Display: Building textures: HQ_Lightmap1_1 (AutoDXT)
[2016.04.11-09.51.31:569][  0]LogTexture:Display: Building textures: LQ_Lightmap_0_2 (DXT1)
[2016.04.11-09.51.31:570][  0]LogTexture:Display: Building textures: LQ_Lightmap_1_1 (DXT1)
[2016.04.11-09.51.31:637][  0]LogAIModule: Creating AISystem for world Untitled_1
[2016.04.11-09.51.31:642][  0]LogEditorServer: Finished looking for orphan Actors (0.000 secs)
[2016.04.11-09.51.31:645][  0]Cmd: MAP CHECKDEP NOCLEARLOG
[2016.04.11-09.51.31:723][  0]MapCheck: Info Map check complete: 0 Error(s), 0 Warning(s), took 78.124ms to complete.
[2016.04.11-09.51.31:723][  0]LogFileHelpers: Loading map 'Template_Default' took 0.303
[2016.04.11-09.51.31:858][  0]LogCollectionManager: Loaded 0 collections in 0.002592 seconds
[2016.04.11-09.51.31:899][  0]LogFileCache: Scanning file cache for directory 'D:/Programmer/Epic Games/PuzzleGame/PuzzleHorror/Saved/Collections/' took 0.01s
[2016.04.11-09.51.31:899][  0]LogFileCache: Scanning file cache for directory 'D:/Programmer/Epic Games/PuzzleGame/PuzzleHorror/Content/Developers/Skinke/Collections/' took 0.01s
[2016.04.11-09.51.31:899][  0]LogFileCache: Scanning file cache for directory 'D:/Programmer/Epic Games/PuzzleGame/PuzzleHorror/Content/Collections/' took 0.01s
[2016.04.11-09.51.31:899][  0]LogCollectionManager: Rebuilt the GUID cache for 0 collections in 0.000002 seconds
[2016.04.11-09.51.31:907][  0]LogContentBrowser: Native class hierarchy populated in 0.0081 seconds. Added 1980 classes and 347 folders.
[2016.04.11-09.51.31:912][  0]LogStats: UGameplayTagsManager::ConstructGameplayTagTree: Construct from data asset -  0.000 s
[2016.04.11-09.51.31:912][  0]LogStats: UGameplayTagsManager::ConstructGameplayTagTree: GameplayTagTreeChangedEvent.Broadcast -  0.000 s
[2016.04.11-09.51.31:913][  0]LogContentBrowser: Native class hierarchy updated for 'GameplayTags' in 0.0013 seconds. Added 12 classes and 0 folders.
[2016.04.11-09.51.31:921][  0]LogContentBrowser: Native class hierarchy updated for 'WidgetCarousel' in 0.0012 seconds. Added 0 classes and 0 folders.
[2016.04.11-09.51.31:930][  0]LogContentBrowser: Native class hierarchy updated for 'SuperSearch' in 0.0015 seconds. Added 1 classes and 2 folders.
[2016.04.11-09.51.32:000][  0]LogContentBrowser: Native class hierarchy updated for 'AddContentDialog' in 0.0012 seconds. Added 0 classes and 0 folders.
[2016.04.11-09.51.32:047][  0]LogCrashTracker: Crashtracker disabled due to settings.
[2016.04.11-09.51.32:053][  0]LogUObjectGlobals:Warning: Failed to find object 'Class None.'
[2016.04.11-09.51.32:080][  0]LogContentBrowser: Native class hierarchy updated for 'HierarchicalLODOutliner' in 0.0018 seconds. Added 1 classes and 2 folders.
[2016.04.11-09.51.32:080][  0]LogLoad: Full Startup: 6.39 seconds (BP compile: 0.03 seconds)
[2016.04.11-09.51.32:080][  0]LogExternalProfiler: Found external profiler: VSPerf
[2016.04.11-09.51.32:080][  0]LogExternalProfiler: Using external profiler: VSPerf
[2016.04.11-09.51.32:102][  0]LogOcInput: Can't find Oculus library dev build: is proper Runtime installed? Version: 0.8.0.0
[2016.04.11-09.51.32:160][  0]LogContentStreaming: Texture pool size now 1000 MB
[2016.04.11-09.51.32:295][  0]LogRenderer: Reallocating scene render targets to support 860x576 (Frame:2).
[2016.04.11-09.51.32:356][  1]LogFileCache: Retrieving MD5 hashes for directory 'D:/Programmer/Epic Games/PuzzleGame/PuzzleHorror/Content/' took 0.24s
[2016.04.11-09.51.32:498][  1]LogAssetRegistry: Asset discovery search completed in 2.1873 seconds
[2016.04.11-09.51.32:498][  1]LogCollectionManager: Rebuilt the object cache for 0 collections in 0.000000 seconds (found 0 objects)
[2016.04.11-09.51.32:498][  1]LogCollectionManager: Fixed up redirectors for 0 collections in 0.000024 seconds (updated 0 objects)
[2016.04.11-09.51.35:127][146]AssetReimport: New page: Outstanding source content changes 12:51:35 PM
[2016.04.11-09.51.35:127][146]LogFactory: FactoryCreateBinary: StaticMesh with FbxFactory (0 0 D:/Programmer/Epic Games/PuzzleGame/PuzzleHorror/Content/Probs/door1.fbx)
[2016.04.11-09.51.35:134][146]LogFbx: ItemName: GlobalSettings, ItemCount : 1
[2016.04.11-09.51.35:134][146]LogFbx: ItemName: Geometry, ItemCount : 1
[2016.04.11-09.51.35:134][146]LogFbx: ItemName: Model, ItemCount : 1
[2016.04.11-09.51.35:134][146]LogFbx: ItemName: Material, ItemCount : 4
[2016.04.11-09.51.35:134][146]LogFbx: ItemName: Texture, ItemCount : 1
[2016.04.11-09.51.35:134][146]LogFbx: ItemName: Video, ItemCount : 1
[2016.04.11-09.51.35:139][146]LogFbx: Loading FBX Scene from D:/Programmer/Epic Games/PuzzleGame/PuzzleHorror/Content/Probs/door1.fbx
[2016.04.11-09.51.35:148][146]LogFbx: FBX Scene Loaded Succesfully
[2016.04.11-09.51.39:751][146]LogFbx: Loading FBX Scene from D:/Programmer/Epic Games/PuzzleGame/PuzzleHorror/Content/Probs/door1.fbx
[2016.04.11-09.51.39:758][146]LogFbx: FBX Scene Loaded Succesfully
[2016.04.11-09.51.40:366][146]LogMaterial: Missing cached shader map for material doorWood, compiling. 
[2016.04.11-09.51.40:392][146]LogMaterial: Missing cached shader map for material Hinges, compiling. 
[2016.04.11-09.51.40:404][146]LogMaterial: Missing cached shader map for material Outlines, compiling. 
[2016.04.11-09.51.40:416][146]LogMaterial: Missing cached shader map for material DoorHandle, compiling. 
[2016.04.11-09.51.40:774][146]LogStaticMesh: Building static mesh door1...
[2016.04.11-09.51.40:855][146]LogStaticMesh: Built static mesh [0.08s] /Game/Probs/door1.door1
[2016.04.11-09.51.40:928][147]LogFactory: FactoryCreateBinary: Texture with ReimportTextureFactory (0 0 D:/Programmer/Epic Games/PuzzleGame/PuzzleHorror/Content/Probs/doorWood.png)
[2016.04.11-09.51.43:128][147]LogCrashTracker: 


[2016.04.11-09.51.43:135][147]LogCrashTracker: 


[2016.04.11-09.51.43:200][147]LogExit: Executing StaticShutdownAfterError
[2016.04.11-09.51.43:203][147]LogWindows: FPlatformMisc::RequestExit(1)
[2016.04.11-09.51.43:203][147]Log file closed, 04/11/16 11:51:43
