Log file open, 04/11/16 10:55:31
LogInit:Display: Running engine for game: PuzzleHorror
LogPlatformFile: Not using cached read wrapper
LogInit:Display: RandInit(-771479589) SRandInit(-771479589).
LogTaskGraph: Started task graph with 4 named threads and 7 total threads.
LogStats: Stats thread started at 0.087929
LogInit:Warning: Incompatible or missing module: UE4Editor-PuzzleHorror.dll
Running D:/Programmer/Epic Games/4.11/Engine/Binaries/DotNET/UnrealBuildTool.exe PuzzleHorror Development Win64 -project="D:/Programmer/Epic Games/PuzzleGame/PuzzleHorror/PuzzleHorror.uproject" -editorrecompile -progress -noubtmakefiles -NoHotReloadFromIDE -2015
@progress push 5%
Parsing headers for PuzzleHorrorEditor
  Running UnrealHeaderTool "D:\Programmer\Epic Games\PuzzleGame\PuzzleHorror\PuzzleHorror.uproject" "D:\Programmer\Epic Games\PuzzleGame\PuzzleHorror\Intermediate\Build\Win64\PuzzleHorrorEditor\Development\UnrealHeaderTool.manifest" -LogCmds="loginit warning, logexit warning, logdatabase error" -Unattended -WarningsAsErrors -installed
Reflection code generated for PuzzleHorrorEditor in 3,3430095 seconds
@progress pop
Performing 7 actions (4 in parallel)
[2/7] Resource PCLaunch.rc
[3/7] Resource ModuleVersionResource.rc.inl
PCH.PuzzleHorror.h.cpp
PuzzleHorror.generated.cpp
PuzzleHorrorGameMode.cpp
PuzzleHorror.cpp
[7/7] Link UE4Editor-PuzzleHorror.dll
   Creating library D:\Programmer\Epic Games\PuzzleGame\PuzzleHorror\Intermediate\Build\Win64\UE4Editor\Development\UE4Editor-PuzzleHorror.lib and object D:\Programmer\Epic Games\PuzzleGame\PuzzleHorror\Intermediate\Build\Win64\UE4Editor\Development\UE4Editor-PuzzleHorror.exp
-------- End Detailed Actions Stats -----------------------------------------------------------
Failed to write dependency cache: Access to the path 'C:\Users\ThomasKrog\Documents\Unreal-Saw-like-game\PuzzleHorror\Intermediate\Build\Win64\PuzzleHorrorEditor' is denied.
Total build time: 37,18 seconds
LogHMD: Can't find Oculus library dev build: is proper Runtime installed? Version: 0.8.0.0
LogInit: Version: 4.11.0-2927265+++UE4+Release-4.11
LogInit: API Version: 2927265
LogInit: Compiled (64-bit): Mar 30 2016 02:13:55
LogInit: Compiled with Visual C++: 19.00.23026.00
LogInit: Build Configuration: Development
LogInit: Branch Name: ++UE4+Release-4.11
LogInit: Command line:  
LogInit: Base directory: D:/Programmer/Epic Games/4.11/Engine/Binaries/Win64/
LogInit: Installed Engine Build: 1
LogInit: Using libcurl 7.41.0
LogInit:  - built for x86_64-pc-win32
LogInit:  - supports SSL with WinSSL
LogInit:  - other features:
LogInit:      CURL_VERSION_SSL
LogInit:      CURL_VERSION_IPV6
LogInit:      CURL_VERSION_ASYNCHDNS
LogInit:      CURL_VERSION_LARGEFILE
LogInit:      CURL_VERSION_IDN
LogInit:  CurlRequestOptions (configurable via config and command line):
LogInit:  - bVerifyPeer = true  - Libcurl will verify peer certificate
LogInit:  - bUseHttpProxy = false  - Libcurl will NOT use HTTP proxy
LogInit:  - bDontReuseConnections = false  - Libcurl will reuse connections
LogInit:  - CertBundlePath = nullptr  - Libcurl will use whatever was configured at build time.
LogInit: Presizing for max 16777216 objects, including 0 objects not considered by GC, pre-allocating 0 bytes for permanent pool.
LogInit: Object subsystem initialized
[2016.04.11-08.56.13:195][  0]LogInit: Selected Device Profile: [Windows]
[2016.04.11-08.56.13:195][  0]LogInit: Applying CVar settings loaded from the selected device profile: [Windows]
[2016.04.11-08.56.13:205][  0]LogInit: Computer: SKINKE-PC
[2016.04.11-08.56.13:205][  0]LogInit: User: Skinke
[2016.04.11-08.56.13:205][  0]LogInit: CPU Page size=65536, Cores=4
[2016.04.11-08.56.13:205][  0]LogInit: High frequency timer resolution =2.338349 MHz
[2016.04.11-08.56.13:205][  0]LogMemory: Memory total: Physical=15.9GB (16GB approx)
[2016.04.11-08.56.13:205][  0]LogMemory: Platform Memory Stats for Windows
[2016.04.11-08.56.13:205][  0]LogMemory: Process Physical Memory: 317.34 MB used, 317.34 MB peak
[2016.04.11-08.56.13:205][  0]LogMemory: Process Virtual Memory: 317.78 MB used, 317.78 MB peak
[2016.04.11-08.56.13:205][  0]LogMemory: Physical Memory: 4593.99 MB used, 16303.93 MB total
[2016.04.11-08.56.13:205][  0]LogMemory: Virtual Memory: 629.42 MB used, 8388608.00 MB total
[2016.04.11-08.56.13:897][  0]LogTextLocalizationManager: No translations for ('da-DK') exist, falling back to 'en' for localization and internationalization data.
[2016.04.11-08.56.14:286][  0]LogD3D11RHI: D3D11 adapters:
[2016.04.11-08.56.14:517][  0]LogD3D11RHI:    0. 'NVIDIA GeForce GTX 765M    ' (Feature Level 11_0)
[2016.04.11-08.56.14:517][  0]LogD3D11RHI:       1991MB of dedicated video memory, 0MB of dedicated system memory, and 2048MB of shared system memory, 1 output[s]
[2016.04.11-08.56.14:533][  0]LogD3D11RHI:    1. 'NVIDIA GeForce GTX 765M    ' (Feature Level 11_0)
[2016.04.11-08.56.14:533][  0]LogD3D11RHI:       1991MB of dedicated video memory, 0MB of dedicated system memory, and 2048MB of shared system memory, 0 output[s]
[2016.04.11-08.56.14:533][  0]LogD3D11RHI: Chosen D3D11 Adapter: 0
[2016.04.11-08.56.14:540][  0]LogD3D11RHI: Creating new Direct3DDevice
[2016.04.11-08.56.14:541][  0]LogD3D11RHI:     Adapter Name: Intel(R) HD Graphics 4600
[2016.04.11-08.56.14:541][  0]LogD3D11RHI:   Driver Version: Unknown (internal Unknown)
[2016.04.11-08.56.14:541][  0]LogD3D11RHI:      Driver Date: Unknown
[2016.04.11-08.56.14:541][  0]LogRHI: Texture pool is 1361 MB (70% of 1945 MB)
[2016.04.11-08.56.14:558][  0]LogD3D11RHI: Async texture creation enabled
[2016.04.11-08.56.14:572][  0]LogShaderCompilers: Guid format shader working directory is 12 characters bigger than the processId version (../../../../PuzzleGame/PuzzleHorror/Intermediate/Shaders/WorkingDirectory/8900/).
[2016.04.11-08.56.14:572][  0]LogShaderCompilers: Cleaned the shader compiler working directory 'C:/Users/Skinke/AppData/Local/Temp/UnrealShaderWorkingDir/AB6742CD4FA5B99D731BA39C89C36BEE/'.
[2016.04.11-08.56.14:572][  0]LogShaderCompilers:Display: Using Local Shader Compiler.
[2016.04.11-08.56.15:522][  0]LogTemp:Display: Loaded TP AllDesktopTargetPlatform
[2016.04.11-08.56.15:534][  0]LogTemp:Display: Loaded TP WindowsClientTargetPlatform
[2016.04.11-08.56.15:545][  0]LogTemp:Display: Loaded TP WindowsNoEditorTargetPlatform
[2016.04.11-08.56.15:557][  0]LogTemp:Display: Loaded TP WindowsServerTargetPlatform
[2016.04.11-08.56.15:570][  0]LogTemp:Display: Loaded TP WindowsTargetPlatform
[2016.04.11-08.56.15:580][  0]LogTemp:Display: Loaded TP AndroidTargetPlatform
[2016.04.11-08.56.15:589][  0]LogTemp:Display: Loaded TP Android_ASTCTargetPlatform
[2016.04.11-08.56.15:599][  0]LogTemp:Display: Loaded TP Android_ATCTargetPlatform
[2016.04.11-08.56.15:609][  0]LogTemp:Display: Loaded TP Android_DXTTargetPlatform
[2016.04.11-08.56.15:619][  0]LogTemp:Display: Loaded TP Android_ETC1TargetPlatform
[2016.04.11-08.56.15:628][  0]LogTemp:Display: Loaded TP Android_ETC2TargetPlatform
[2016.04.11-08.56.15:648][  0]LogTemp:Display: Loaded TP Android_MultiTargetPlatform
[2016.04.11-08.56.15:648][  0]LogTemp:Display: Loaded TP Android_PVRTCTargetPlatform
[2016.04.11-08.56.15:655][  0]LogTemp:Display: Loaded TP HTML5TargetPlatform
[2016.04.11-08.56.15:693][  0]LogTemp:Display: Loaded TP IOSTargetPlatform
[2016.04.11-08.56.15:701][  0]LogTemp:Display: Loaded TP TVOSTargetPlatform
[2016.04.11-08.56.15:710][  0]LogTemp:Display: Loaded TP LinuxNoEditorTargetPlatform
[2016.04.11-08.56.15:719][  0]LogTemp:Display: Loaded TP LinuxServerTargetPlatform
[2016.04.11-08.56.15:729][  0]LogTemp:Display: Loaded TP LinuxTargetPlatform
[2016.04.11-08.56.15:729][  0]LogTargetPlatformManager:Display: Building Assets For Windows
[2016.04.11-08.56.15:996][  0]LogDerivedDataCache:Display: Max Cache Size: 512 MB
[2016.04.11-08.56.16:041][  0]LogDerivedDataCache: Loaded boot cache 0.05s 46MB C:/Users/Skinke/AppData/Local/UnrealEngine/4.11/DerivedDataCache/Boot.ddc.
[2016.04.11-08.56.16:041][  0]LogDerivedDataCache:Display: Loaded Boot cache: C:/Users/Skinke/AppData/Local/UnrealEngine/4.11/DerivedDataCache/Boot.ddc
[2016.04.11-08.56.16:041][  0]LogDerivedDataCache: FDerivedDataBackendGraph:  Pak pak cache file ../../../../PuzzleGame/PuzzleHorror/DerivedDataCache/DDC.ddp not found, will not use a pak cache.
[2016.04.11-08.56.16:041][  0]LogDerivedDataCache: Unable to find inner node Pak for hierarchical cache Hierarchy.
[2016.04.11-08.56.16:041][  0]LogDerivedDataCache: FDerivedDataBackendGraph:  CompressedPak pak cache file ../../../../PuzzleGame/PuzzleHorror/DerivedDataCache/Compressed.ddp not found, will not use a pak cache.
[2016.04.11-08.56.16:041][  0]LogDerivedDataCache: Unable to find inner node CompressedPak for hierarchical cache Hierarchy.
[2016.04.11-08.56.16:056][  0]LogDerivedDataCache:Display: Pak cache opened for reading ../../../Engine/DerivedDataCache/Compressed.ddp.
[2016.04.11-08.56.16:067][  0]LogDerivedDataCache: Using Local data cache path C:/Users/Skinke/AppData/Local/UnrealEngine/Common/DerivedDataCache: Writable
[2016.04.11-08.56.16:238][  0]LogInit: Selected Device Profile: [Windows]
[2016.04.11-08.56.16:238][  0]LogContentStreaming: Texture pool size is 0.00 MB
[2016.04.11-08.56.16:261][  0]LogMaterial: Uniform references updated for custom material expression Custom.
[2016.04.11-08.56.16:404][  0]LogMeshUtilities: No automatic mesh reduction module available
[2016.04.11-08.56.16:404][  0]LogMeshUtilities: No automatic mesh merging module available
[2016.04.11-08.56.16:404][  0]LogMeshUtilities: No distributed automatic mesh merging module available
[2016.04.11-08.56.16:651][  0]LogUObjectArray: 27672 objects as part of root set at end of initial load.
[2016.04.11-08.56.16:651][  0]LogUObjectAllocator: 5589896 out of 0 bytes used by permanent object pool.
[2016.04.11-08.56.16:651][  0]LogUObjectArray: CloseDisregardForGC: 0/0 objects in disregard for GC pool
[2016.04.11-08.56.16:667][  0]LogInit: WinSock: version 1.1 (2.2), MaxSocks=32767, MaxUdp=65467
[2016.04.11-08.56.17:251][  0]LogSlate: SlateFontCache - WITH_FREETYPE: 1, WITH_HARFBUZZ: 1
[2016.04.11-08.56.17:251][  0]LogSlate: SlateFontCache - WITH_FREETYPE: 1, WITH_HARFBUZZ: 1
[2016.04.11-08.56.17:419][  0]LogStreaming:Warning: Failed to read file '../../../Engine/Content/Editor/Slate/Common/Selection_16x.png' error.
[2016.04.11-08.56.17:419][  0]LogSlate: Could not find file for Slate resource: ../../../Engine/Content/Editor/Slate/Common/Selection_16x.png
[2016.04.11-08.56.17:419][  0]LogStreaming:Warning: Failed to read file '../../../Engine/Content/Editor/Slate/Common/Selection_16x.png' error.
[2016.04.11-08.56.17:419][  0]LogSlate: Could not find file for Slate resource: ../../../Engine/Content/Editor/Slate/Common/Selection_16x.png
[2016.04.11-08.56.17:419][  0]LogStreaming:Warning: Failed to read file '../../../Engine/Content/Editor/Slate/Common/Selection_16x.png' error.
[2016.04.11-08.56.17:419][  0]LogSlate: Could not find file for Slate resource: ../../../Engine/Content/Editor/Slate/Common/Selection_16x.png
[2016.04.11-08.56.18:292][  0]LogUdpMessaging: Initializing bridge on interface 0.0.0.0:0 to multicast group 230.0.0.1:6666.
[2016.04.11-08.56.18:486][  0]LogAssetRegistry: FAssetRegistry took 0.0200 seconds to start up
[2016.04.11-08.56.18:489][  0]LogDirectoryWatcher:Warning: Failed to begin reading directory changes for ../../../../PuzzleGame/PuzzleHorror/Content/. Error: The operation completed successfully. (0x00000000)
[2016.04.11-08.56.18:779][  0]SourceControl: Info Source control is disabled
[2016.04.11-08.56.19:281][  0]SourceControl: Info Source control is disabled
[2016.04.11-08.56.19:311][  0]SourceControl: Info Source control is disabled
[2016.04.11-08.56.19:336][  0]SourceControl: Info Source control is disabled
[2016.04.11-08.56.19:728][  0]LogEngine: Initializing Engine...
[2016.04.11-08.56.19:736][  0]LogHMD: SteamVR failed to initialize.  Err: 110
[2016.04.11-08.56.19:950][  0]LogAIModule: Creating AISystem for world NewWorld
[2016.04.11-08.56.19:960][  0]LogInit: XAudio2 using 'Speakers (VIA High Definition Audio)' : 2 channels at 48 kHz using 32 bits per sample (channel mask 0x3)
[2016.04.11-08.56.19:991][  0]LogInit: FAudioDevice initialized.
[2016.04.11-08.56.20:017][  0]LogDerivedDataCache: Saved boot cache 0.03s 46MB C:/Users/Skinke/AppData/Local/UnrealEngine/4.11/DerivedDataCache/Boot.ddc.
[2016.04.11-08.56.20:022][  0]LogInit: Texture streaming: Enabled
[2016.04.11-08.56.20:328][  0]LogInit: Transaction tracking system initialized
[2016.04.11-08.56.20:551][  0]BlueprintLog: New page: Editor Load
[2016.04.11-08.56.21:057][  0]LocalizationService: Info Localization service is disabled
[2016.04.11-08.56.21:295][  0]LogConsoleResponse:Display: 
[2016.04.11-08.56.21:423][  0]LogFileCache: Scanning file cache for directory 'D:/Programmer/Epic Games/PuzzleGame/PuzzleHorror/Content/' took 0.01s
[2016.04.11-08.56.21:423][  0]LogDirectoryWatcher:Warning: Failed to begin reading directory changes for D:/Programmer/Epic Games/PuzzleGame/PuzzleHorror/Content/. Error: The operation completed successfully. (0x00000000)
[2016.04.11-08.56.21:423][  0]LogCook:Display: Max memory allowance for cook 8192mb
[2016.04.11-08.56.21:423][  0]LogCook:Display: Mobile HDR setting 1
[2016.04.11-08.56.21:423][  0]LogCook:Display: Done creating registry. It took  0.00s.
[2016.04.11-08.56.21:606][  0]SourceControl: Info Source control is disabled
[2016.04.11-08.56.21:606][  0]Cmd: MAP LOAD FILE="../../../Engine/Content/Maps/Templates/Template_Default.umap" TEMPLATE=1 SHOWPROGRESS=1 FEATURELEVEL=3
[2016.04.11-08.56.21:607][  0]LightingResults: New page: Lighting Build
[2016.04.11-08.56.21:626][  0]MapCheck: New page: Map Check
[2016.04.11-08.56.21:626][  0]LightingResults: New page: Lighting Build
[2016.04.11-08.56.21:870][  0]LogAIModule: Creating AISystem for world Untitled_1
[2016.04.11-08.56.21:876][  0]LogEditorServer: Finished looking for orphan Actors (0.000 secs)
[2016.04.11-08.56.21:880][  0]Cmd: MAP CHECKDEP NOCLEARLOG
[2016.04.11-08.56.21:947][  0]MapCheck: Info Map check complete: 0 Error(s), 0 Warning(s), took 66.476ms to complete.
[2016.04.11-08.56.21:947][  0]LogFileHelpers: Loading map 'Template_Default' took 0.341
[2016.04.11-08.56.22:111][  0]LogCollectionManager: Loaded 0 collections in 0.002733 seconds
[2016.04.11-08.56.22:163][  0]LogFileCache: Scanning file cache for directory 'D:/Programmer/Epic Games/PuzzleGame/PuzzleHorror/Saved/Collections/' took 0.01s
[2016.04.11-08.56.22:163][  0]LogFileCache: Scanning file cache for directory 'D:/Programmer/Epic Games/PuzzleGame/PuzzleHorror/Content/Developers/Skinke/Collections/' took 0.01s
[2016.04.11-08.56.22:163][  0]LogFileCache: Scanning file cache for directory 'D:/Programmer/Epic Games/PuzzleGame/PuzzleHorror/Content/Collections/' took 0.01s
[2016.04.11-08.56.22:163][  0]LogCollectionManager: Rebuilt the GUID cache for 0 collections in 0.000003 seconds
[2016.04.11-08.56.22:172][  0]LogContentBrowser: Native class hierarchy populated in 0.0086 seconds. Added 1980 classes and 347 folders.
[2016.04.11-08.56.22:189][  0]LogStats: UGameplayTagsManager::ConstructGameplayTagTree: Construct from data asset -  0.000 s
[2016.04.11-08.56.22:189][  0]LogStats: UGameplayTagsManager::ConstructGameplayTagTree: GameplayTagTreeChangedEvent.Broadcast -  0.000 s
[2016.04.11-08.56.22:191][  0]LogContentBrowser: Native class hierarchy updated for 'GameplayTags' in 0.0014 seconds. Added 12 classes and 0 folders.
[2016.04.11-08.56.22:220][  0]LogContentBrowser: Native class hierarchy updated for 'WidgetCarousel' in 0.0015 seconds. Added 0 classes and 0 folders.
[2016.04.11-08.56.22:492][  0]LogContentBrowser: Native class hierarchy updated for 'SuperSearch' in 0.0013 seconds. Added 1 classes and 2 folders.
[2016.04.11-08.56.22:754][  0]LogContentBrowser: Native class hierarchy updated for 'AddContentDialog' in 0.0012 seconds. Added 0 classes and 0 folders.
[2016.04.11-08.56.22:785][  0]LogCrashTracker: Crashtracker disabled due to settings.
[2016.04.11-08.56.22:791][  0]LogUObjectGlobals:Warning: Failed to find object 'Class None.'
[2016.04.11-08.56.22:834][  0]LogContentBrowser: Native class hierarchy updated for 'HierarchicalLODOutliner' in 0.0013 seconds. Added 1 classes and 2 folders.
[2016.04.11-08.56.22:834][  0]LogLoad: Full Startup: 52.07 seconds (BP compile: 0.03 seconds)
[2016.04.11-08.56.22:834][  0]LogExternalProfiler: Found external profiler: VSPerf
[2016.04.11-08.56.22:834][  0]LogExternalProfiler: Using external profiler: VSPerf
[2016.04.11-08.56.22:854][  0]LogOcInput: Can't find Oculus library dev build: is proper Runtime installed? Version: 0.8.0.0
[2016.04.11-08.56.22:943][  0]LogContentStreaming: Texture pool size now 1000 MB
[2016.04.11-08.56.23:088][  0]LogRenderer: Reallocating scene render targets to support 860x576 (Frame:2).
[2016.04.11-08.56.23:146][  1]LogAssetRegistry: Asset discovery search completed in 4.6792 seconds
[2016.04.11-08.56.23:146][  1]LogCollectionManager: Rebuilt the object cache for 0 collections in 0.000000 seconds (found 0 objects)
[2016.04.11-08.56.23:146][  1]LogCollectionManager: Fixed up redirectors for 0 collections in 0.000021 seconds (updated 0 objects)
[2016.04.11-08.57.26:956][553]Cmd: OBJ SAVEPACKAGE PACKAGE="/Game/MainWorld" FILE="../../../../PuzzleGame/PuzzleHorror/Content/MainWorld.umap" SILENT=true AUTOSAVING=false KEEPDIRTY=false
[2016.04.11-08.57.26:973][553]LogSavePackage: Save=8.33ms
[2016.04.11-08.57.26:973][553]LogSavePackage: Moving '../../../../PuzzleGame/PuzzleHorror/Saved/MainWorld5A2C67C54BD650FA44E64CBC8CEA9D5D.tmp' to '../../../../PuzzleGame/PuzzleHorror/Content/MainWorld.umap'
[2016.04.11-08.57.26:976][553]LogSavePackage: Total save time: 11.87ms
[2016.04.11-08.57.26:976][553]LogSavePackage:Display: Finished SavePackage ../../../../PuzzleGame/PuzzleHorror/Content/MainWorld.umap
[2016.04.11-08.57.26:976][553]LogFileHelpers: Saving map 'MainWorld' took 0.099
[2016.04.11-08.57.26:979][553]Cmd: MAP LOAD FILE="../../../../PuzzleGame/PuzzleHorror/Content/MainWorld.umap" TEMPLATE=0 SHOWPROGRESS=1 FEATURELEVEL=3
[2016.04.11-08.57.26:979][553]LightingResults: New page: Lighting Build
[2016.04.11-08.57.26:998][553]LoadErrors: New page: Loading map: MainWorld.umap
[2016.04.11-08.57.26:998][553]MapCheck: New page: Map Check
[2016.04.11-08.57.26:998][553]LightingResults: New page: Lighting Build
[2016.04.11-08.57.27:006][553]LogEditorServer: Finished looking for orphan Actors (0.000 secs)
[2016.04.11-08.57.27:006][553]LogAIModule: Creating AISystem for world MainWorld
[2016.04.11-08.57.27:034][553]Cmd: MAP CHECKDEP NOCLEARLOG
[2016.04.11-08.57.27:095][553]MapCheck: Info Map check complete: 0 Error(s), 0 Warning(s), took 60.17ms to complete.
[2016.04.11-08.57.27:095][553]LogFileHelpers: Loading map 'MainWorld' took 0.117
[2016.04.11-08.57.48:706][843]Cmd: UpdateLandscapeSetup
[2016.04.11-08.57.55:819][267]Cmd: UpdateLandscapeSetup
[2016.04.11-08.58.03:134][625]Cmd: OBJ SAVEPACKAGE PACKAGE="/Game/MainWorld" FILE="../../../../PuzzleGame/PuzzleHorror/Content/MainWorld.umap" SILENT=true AUTOSAVING=false KEEPDIRTY=false
[2016.04.11-08.58.03:153][625]LogSavePackage: Save=8.23ms
[2016.04.11-08.58.03:153][625]LogSavePackage: Moving '../../../../PuzzleGame/PuzzleHorror/Saved/MainWorld967BDB2744673DE9F41697912A18D821.tmp' to '../../../../PuzzleGame/PuzzleHorror/Content/MainWorld.umap'
[2016.04.11-08.58.03:155][625]LogSavePackage: Total save time: 12.14ms
[2016.04.11-08.58.03:155][625]LogSavePackage:Display: Finished SavePackage ../../../../PuzzleGame/PuzzleHorror/Content/MainWorld.umap
[2016.04.11-08.58.03:179][625]LogFileHelpers: Saving map 'MainWorld' took 0.109
[2016.04.11-08.58.03:181][625]Cmd: MAP LOAD FILE="../../../../PuzzleGame/PuzzleHorror/Content/MainWorld.umap" TEMPLATE=0 SHOWPROGRESS=1 FEATURELEVEL=3
[2016.04.11-08.58.03:181][625]LightingResults: New page: Lighting Build
[2016.04.11-08.58.03:198][625]LoadErrors: New page: Loading map: MainWorld.umap
[2016.04.11-08.58.03:198][625]MapCheck: New page: Map Check
[2016.04.11-08.58.03:198][625]LightingResults: New page: Lighting Build
[2016.04.11-08.58.03:207][625]LogAIModule: Creating AISystem for world MainWorld
[2016.04.11-08.58.03:237][625]LogEditorServer: Finished looking for orphan Actors (0.000 secs)
[2016.04.11-08.58.03:266][625]Cmd: MAP CHECKDEP NOCLEARLOG
[2016.04.11-08.58.03:331][625]MapCheck: Info Map check complete: 0 Error(s), 0 Warning(s), took 65.145ms to complete.
[2016.04.11-08.58.03:331][625]LogFileHelpers: Loading map 'MainWorld' took 0.152
[2016.04.11-08.58.17:967][174]LightingResults: New page: Lighting Build
[2016.04.11-08.58.17:980][174]MapCheck: New page: Map Check
[2016.04.11-08.58.17:980][174]LightingResults: New page: Lighting Build
[2016.04.11-08.58.17:989][174]LogAIModule: Creating AISystem for world NewWorld
[2016.04.11-08.58.18:031][174]LoadErrors: New page: New Map
[2016.04.11-08.58.18:035][174]LogAIModule: Creating AISystem for world MainWorld
[2016.04.11-08.58.29:126][798]Cmd: QUIT_EDITOR
[2016.04.11-08.58.29:223][798]LogExit: Preparing to exit.
[2016.04.11-08.58.30:446][798]LogExit: Editor shut down
[2016.04.11-08.58.30:446][798]LogExit: Transaction tracking system shut down
[2016.04.11-08.58.30:569][798]LogObj: Freed 0b from 0 cluster array pools.
[2016.04.11-08.58.30:569][798]LogExit: Object subsystem successfully closed.
[2016.04.11-08.58.30:581][798]LogD3D11RHI: Shutdown
[2016.04.11-08.58.30:581][798]LogD3D11RHI: CleanupD3DDevice
[2016.04.11-08.58.30:618][798]LogD3D11RHI: ~FD3D11DynamicRHI
[2016.04.11-08.58.30:669][798]LogDerivedDataCache: Shutdown
[2016.04.11-08.58.30:669][798]LogModuleManager: Shutting down and abandoning module HierarchicalLODOutliner (204)
[2016.04.11-08.58.30:669][798]LogModuleManager: Shutting down and abandoning module CrashTracker (203)
[2016.04.11-08.58.30:669][798]LogModuleManager: Shutting down and abandoning module SuperSearch (202)
[2016.04.11-08.58.30:669][798]LogModuleManager: Shutting down and abandoning module WidgetCarousel (201)
[2016.04.11-08.58.30:669][798]LogModuleManager: Shutting down and abandoning module AddContentDialog (200)
[2016.04.11-08.58.30:670][798]LogModuleManager: Shutting down and abandoning module GameplayTags (199)
[2016.04.11-08.58.30:670][798]LogModuleManager: Shutting down and abandoning module EditorWidgets (198)
[2016.04.11-08.58.30:671][798]LogModuleManager: Shutting down and abandoning module CollectionManager (197)
[2016.04.11-08.58.30:671][798]LogModuleManager: Shutting down and abandoning module SceneOutliner (196)
[2016.04.11-08.58.30:671][798]LogModuleManager: Shutting down and abandoning module StatsViewer (195)
[2016.04.11-08.58.30:671][798]LogModuleManager: Shutting down and abandoning module FoliageEdit (194)
[2016.04.11-08.58.30:671][798]LogModuleManager: Shutting down and abandoning module LandscapeEditor (193)
[2016.04.11-08.58.30:671][798]LogModuleManager: Shutting down and abandoning module ActorPickerMode (192)
[2016.04.11-08.58.30:671][798]LogModuleManager: Shutting down and abandoning module GeometryMode (191)
[2016.04.11-08.58.30:671][798]LogModuleManager: Shutting down and abandoning module TextureAlignMode (190)
[2016.04.11-08.58.30:671][798]LogModuleManager: Shutting down and abandoning module BspMode (189)
[2016.04.11-08.58.30:671][798]LogModuleManager: Shutting down and abandoning module PlacementMode (188)
[2016.04.11-08.58.30:671][798]LogModuleManager: Shutting down and abandoning module AutomationWorker (187)
[2016.04.11-08.58.30:671][798]LogModuleManager: Shutting down and abandoning module CharacterAI (186)
[2016.04.11-08.58.30:671][798]LogModuleManager: Shutting down and abandoning module SmartSnapping (185)
[2016.04.11-08.58.30:671][798]LogModuleManager: Shutting down and abandoning module ViewportSnapping (184)
[2016.04.11-08.58.30:671][798]LogModuleManager: Shutting down and abandoning module LogVisualizer (183)
[2016.04.11-08.58.30:671][798]LogModuleManager: Shutting down and abandoning module GameProjectGeneration (182)
[2016.04.11-08.58.30:671][798]LogModuleManager: Shutting down and abandoning module IntroTutorials (181)
[2016.04.11-08.58.30:671][798]LogModuleManager: Shutting down and abandoning module EditorLiveStreaming (180)
[2016.04.11-08.58.30:671][798]LogModuleManager: Shutting down and abandoning module IOSPlatformEditor (179)
[2016.04.11-08.58.30:671][798]LogModuleManager: Shutting down and abandoning module HTML5PlatformEditor (178)
[2016.04.11-08.58.30:671][798]LogModuleManager: Shutting down and abandoning module AndroidDeviceDetection (177)
[2016.04.11-08.58.31:167][798]LogModuleManager: Shutting down and abandoning module AndroidPlatformEditor (176)
[2016.04.11-08.58.31:167][798]LogModuleManager: Shutting down and abandoning module IOSRuntimeSettings (175)
[2016.04.11-08.58.31:167][798]LogModuleManager: Shutting down and abandoning module AndroidRuntimeSettings (174)
[2016.04.11-08.58.31:167][798]LogModuleManager: Shutting down and abandoning module MergeActors (173)
[2016.04.11-08.58.31:167][798]LogModuleManager: Shutting down and abandoning module SizeMap (172)
[2016.04.11-08.58.31:167][798]LogModuleManager: Shutting down and abandoning module TreeMap (171)
[2016.04.11-08.58.31:167][798]LogModuleManager: Shutting down and abandoning module ReferenceViewer (170)
[2016.04.11-08.58.31:167][798]LogModuleManager: Shutting down and abandoning module LocalizationService (169)
[2016.04.11-08.58.31:167][798]LogModuleManager: Shutting down and abandoning module LocalizationDashboard (168)
[2016.04.11-08.58.31:167][798]LogModuleManager: Shutting down and abandoning module HardwareTargeting (167)
[2016.04.11-08.58.31:167][798]LogModuleManager: Shutting down and abandoning module DeviceProfileEditor (166)
[2016.04.11-08.58.31:167][798]LogModuleManager: Shutting down and abandoning module UndoHistory (165)
[2016.04.11-08.58.31:167][798]LogModuleManager: Shutting down and abandoning module UserFeedback (164)
[2016.04.11-08.58.31:167][798]LogModuleManager: Shutting down and abandoning module XmlParser (163)
[2016.04.11-08.58.31:167][798]LogModuleManager: Shutting down and abandoning module Blutility (162)
[2016.04.11-08.58.31:167][798]LogModuleManager: Shutting down and abandoning module ProjectTargetPlatformEditor (161)
[2016.04.11-08.58.31:167][798]LogModuleManager: Shutting down and abandoning module ProjectSettingsViewer (160)
[2016.04.11-08.58.31:167][798]LogModuleManager: Shutting down and abandoning module InputBindingEditor (159)
[2016.04.11-08.58.31:167][798]LogModuleManager: Shutting down and abandoning module EditorSettingsViewer (158)
[2016.04.11-08.58.31:168][798]LogModuleManager: Shutting down and abandoning module SettingsEditor (157)
[2016.04.11-08.58.31:168][798]LogModuleManager: Shutting down and abandoning module ProjectLauncher (156)
[2016.04.11-08.58.31:168][798]LogModuleManager: Shutting down and abandoning module SessionFrontend (155)
[2016.04.11-08.58.31:168][798]LogModuleManager: Shutting down and abandoning module ProfilerClient (154)
[2016.04.11-08.58.31:168][798]LogModuleManager: Shutting down and abandoning module TargetDeviceServices (153)
[2016.04.11-08.58.31:168][798]LogModuleManager: Shutting down and abandoning module DeviceManager (152)
[2016.04.11-08.58.31:198][798]LogModuleManager: Shutting down and abandoning module AutomationController (151)
[2016.04.11-08.58.31:198][798]LogModuleManager: Shutting down and abandoning module AutomationWindow (150)
[2016.04.11-08.58.31:198][798]LogModuleManager: Shutting down and abandoning module Layers (149)
[2016.04.11-08.58.31:198][798]LogModuleManager: Shutting down and abandoning module ComponentVisualizers (148)
[2016.04.11-08.58.31:198][798]LogModuleManager: Shutting down and abandoning module DetailCustomizations (147)
[2016.04.11-08.58.31:198][798]LogModuleManager: Shutting down and abandoning module PackagesDialog (146)
[2016.04.11-08.58.31:198][798]LogModuleManager: Shutting down and abandoning module Persona (145)
[2016.04.11-08.58.31:198][798]LogModuleManager: Shutting down and abandoning module Kismet (144)
[2016.04.11-08.58.31:198][798]LogModuleManager: Shutting down and abandoning module GraphEditor (143)
[2016.04.11-08.58.31:198][798]LogModuleManager: Shutting down and abandoning module ClassViewer (142)
[2016.04.11-08.58.31:199][798]LogModuleManager: Shutting down and abandoning module Toolbox (141)
[2016.04.11-08.58.31:199][798]LogModuleManager: Shutting down and abandoning module ModuleUI (140)
[2016.04.11-08.58.31:199][798]LogModuleManager: Shutting down and abandoning module MovieSceneTools (139)
[2016.04.11-08.58.31:199][798]LogModuleManager: Shutting down and abandoning module OutputLog (138)
[2016.04.11-08.58.31:199][798]LogModuleManager: Shutting down and abandoning module GammaUI (137)
[2016.04.11-08.58.31:199][798]LogModuleManager: Shutting down and abandoning module Documentation (136)
[2016.04.11-08.58.31:199][798]LogModuleManager: Shutting down and abandoning module StreamingPauseRendering (135)
[2016.04.11-08.58.31:199][798]LogModuleManager: Shutting down and abandoning module AnalyticsET (134)
[2016.04.11-08.58.31:199][798]LogModuleManager: Shutting down and abandoning module Analytics (133)
[2016.04.11-08.58.31:199][798]LogModuleManager: Shutting down and abandoning module PortalServices (132)
[2016.04.11-08.58.31:199][798]LogModuleManager: Shutting down and abandoning module PortalRpc (131)
[2016.04.11-08.58.31:199][798]LogModuleManager: Shutting down and abandoning module MessagingRpc (130)
[2016.04.11-08.58.31:199][798]LogModuleManager: Shutting down and abandoning module AITestSuite (129)
[2016.04.11-08.58.31:199][798]LogModuleManager: Shutting down and abandoning module GameplayDebugger (128)
[2016.04.11-08.58.31:199][798]LogModuleManager: Shutting down and abandoning module AIModule (127)
[2016.04.11-08.58.31:199][798]LogModuleManager: Shutting down and abandoning module ProfilerService (126)
[2016.04.11-08.58.31:440][798]LogModuleManager: Shutting down and abandoning module TaskGraph (125)
[2016.04.11-08.58.31:440][798]LogModuleManager: Shutting down and abandoning module SlateRemote (124)
[2016.04.11-08.58.31:440][798]LogModuleManager: Shutting down and abandoning module SteamVRController (123)
[2016.04.11-08.58.31:440][798]LogModuleManager: Shutting down and abandoning module SteamVR (122)
[2016.04.11-08.58.31:440][798]LogModuleManager: Shutting down and abandoning module ProceduralMeshComponent (121)
[2016.04.11-08.58.31:440][798]LogModuleManager: Shutting down and abandoning module OculusLibrary (120)
[2016.04.11-08.58.31:440][798]LogModuleManager: Shutting down and abandoning module OculusInput (119)
[2016.04.11-08.58.31:440][798]LogModuleManager: Shutting down and abandoning module CustomMeshComponent (118)
[2016.04.11-08.58.31:440][798]LogModuleManager: Shutting down and abandoning module CableComponent (117)
[2016.04.11-08.58.31:440][798]LogModuleManager: Shutting down and abandoning module ArchVisCharacter (116)
[2016.04.11-08.58.31:440][798]LogModuleManager: Shutting down and abandoning module MediaPlayerEditor (115)
[2016.04.11-08.58.31:440][798]LogModuleManager: Shutting down and abandoning module HTML5Networking (114)
[2016.04.11-08.58.31:440][798]LogModuleManager: Shutting down and abandoning module SpeedTreeImporter (113)
[2016.04.11-08.58.31:440][798]LogModuleManager: Shutting down and abandoning module PluginBrowser (112)
[2016.04.11-08.58.31:440][798]LogModuleManager: Shutting down and abandoning module EpicSurvey (111)
[2016.04.11-08.58.31:440][798]LogModuleManager: Shutting down and abandoning module VisualStudioSourceCodeAccess (110)
[2016.04.11-08.58.31:440][798]LogModuleManager: Shutting down and abandoning module UObjectPlugin (109)
[2016.04.11-08.58.31:440][798]LogModuleManager: Shutting down and abandoning module SubversionSourceControl (108)
[2016.04.11-08.58.31:440][798]LogModuleManager: Shutting down and abandoning module PerforceSourceControl (107)
[2016.04.11-08.58.31:440][798]LogModuleManager: Shutting down and abandoning module SourceControl (106)
[2016.04.11-08.58.31:440][798]LogModuleManager: Shutting down and abandoning module GitSourceControl (105)
[2016.04.11-08.58.31:440][798]LogModuleManager: Shutting down and abandoning module LightPropagationVolumeEditor (104)
[2016.04.11-08.58.31:441][798]LogModuleManager: Shutting down and abandoning module PaperTiledImporter (103)
[2016.04.11-08.58.31:441][798]LogModuleManager: Shutting down and abandoning module PaperSpriteSheetImporter (102)
[2016.04.11-08.58.31:441][798]LogModuleManager: Shutting down and abandoning module MeshPaint (101)
[2016.04.11-08.58.31:441][798]LogModuleManager: Shutting down and abandoning module HotReload (100)
[2016.04.11-08.58.31:441][798]LogModuleManager: Shutting down and abandoning module MainFrame (99)
[2016.04.11-08.58.31:441][798]LogModuleManager: Shutting down and abandoning module LevelEditor (98)
[2016.04.11-08.58.31:442][798]LogModuleManager: Shutting down and abandoning module DirectoryWatcher (97)
[2016.04.11-08.58.31:442][798]LogModuleManager: Shutting down and abandoning module AssetRegistry (96)
[2016.04.11-08.58.31:634][798]LogModuleManager: Shutting down and abandoning module ContentBrowser (95)
[2016.04.11-08.58.31:635][798]LogModuleManager: Shutting down and abandoning module Paper2DEditor (94)
[2016.04.11-08.58.31:635][798]LogModuleManager: Shutting down and abandoning module PuzzleHorror (93)
[2016.04.11-08.58.31:635][798]LogModuleManager: Shutting down and abandoning module UdpMessaging (92)
[2016.04.11-08.58.31:735][798]LogModuleManager: Shutting down and abandoning module LightPropagationVolumeRuntime (91)
[2016.04.11-08.58.31:735][798]LogModuleManager: Shutting down and abandoning module Paper2D (90)
[2016.04.11-08.58.31:735][798]LogModuleManager: Shutting down and abandoning module WindowsMoviePlayer (89)
[2016.04.11-08.58.31:735][798]LogModuleManager: Shutting down and abandoning module Media (88)
[2016.04.11-08.58.31:735][798]LogModuleManager: Shutting down and abandoning module WmfMedia (87)
[2016.04.11-08.58.31:735][798]LogModuleManager: Shutting down and abandoning module GameLiveStreaming (86)
[2016.04.11-08.58.31:735][798]LogModuleManager: Shutting down and abandoning module GameplayTagsEditor (85)
[2016.04.11-08.58.31:735][798]LogModuleManager: Shutting down and abandoning module OnlineBlueprintSupport (84)
[2016.04.11-08.58.31:735][798]LogModuleManager: Shutting down and abandoning module GameplayTasksEditor (83)
[2016.04.11-08.58.31:735][798]LogModuleManager: Shutting down and abandoning module PropertyEditor (82)
[2016.04.11-08.58.31:735][798]LogModuleManager: Shutting down and abandoning module BehaviorTreeEditor (81)
[2016.04.11-08.58.31:735][798]LogModuleManager: Shutting down and abandoning module FunctionalTesting (80)
[2016.04.11-08.58.31:735][798]LogModuleManager: Shutting down and abandoning module CollisionAnalyzer (79)
[2016.04.11-08.58.31:735][798]LogModuleManager: Shutting down and abandoning module WorkspaceMenuStructure (78)
[2016.04.11-08.58.31:735][798]LogModuleManager: Shutting down and abandoning module MessageLog (77)
[2016.04.11-08.58.31:735][798]LogModuleManager: Shutting down and abandoning module Sequencer (76)
[2016.04.11-08.58.31:735][798]LogModuleManager: Shutting down and abandoning module AssetTools (75)
[2016.04.11-08.58.31:735][798]LogModuleManager: Shutting down and abandoning module UMGEditor (74)
[2016.04.11-08.58.31:735][798]LogModuleManager: Shutting down and abandoning module UMG (73)
[2016.04.11-08.58.31:735][798]LogModuleManager: Shutting down and abandoning module SlateReflector (72)
[2016.04.11-08.58.31:735][798]LogModuleManager: Shutting down and abandoning module Slate (71)
[2016.04.11-08.58.31:735][798]LogModuleManager: Shutting down and abandoning module EditorStyle (70)
[2016.04.11-08.58.31:737][798]LogModuleManager: Shutting down and abandoning module SessionServices (69)
[2016.04.11-08.58.31:737][798]LogModuleManager: Shutting down and abandoning module SourceCodeAccess (68)
[2016.04.11-08.58.31:737][798]LogModuleManager: Shutting down and abandoning module HeadMountedDisplay (67)
[2016.04.11-08.58.31:737][798]LogModuleManager: Shutting down and abandoning module XAudio2 (66)
[2016.04.11-08.58.31:737][798]LogModuleManager: Shutting down and abandoning module Networking (64)
[2016.04.11-08.58.31:737][798]LogModuleManager: Shutting down and abandoning module Core (63)
[2016.04.11-08.58.31:737][798]LogModuleManager: Shutting down and abandoning module KismetCompiler (62)
[2016.04.11-08.58.31:737][798]LogModuleManager: Shutting down and abandoning module PhysXFormats (61)
[2016.04.11-08.58.31:737][798]LogModuleManager: Shutting down and abandoning module MeshUtilities (60)
[2016.04.11-08.58.31:737][798]LogModuleManager: Shutting down and abandoning module CookingStats (59)
[2016.04.11-08.58.31:737][798]LogModuleManager: Shutting down and abandoning module DerivedDataCache (58)
[2016.04.11-08.58.31:737][798]LogDerivedDataCache: Shutdown
[2016.04.11-08.58.31:737][798]LogModuleManager: Shutting down and abandoning module ShaderFormatOpenGL (57)
[2016.04.11-08.58.31:737][798]LogModuleManager: Shutting down and abandoning module ShaderFormatD3D (56)
[2016.04.11-08.58.31:737][798]LogModuleManager: Shutting down and abandoning module MetalShaderFormat (55)
[2016.04.11-08.58.31:737][798]LogModuleManager: Shutting down and abandoning module TextureFormatUncompressed (54)
[2016.04.11-08.58.31:737][798]LogModuleManager: Shutting down and abandoning module TextureFormatPVR (53)
[2016.04.11-08.58.31:737][798]LogModuleManager: Shutting down and abandoning module TextureFormatIntelISPCTexComp (52)
[2016.04.11-08.58.31:737][798]LogModuleManager: Shutting down and abandoning module TextureFormatDXT (51)
[2016.04.11-08.58.31:737][798]LogModuleManager: Shutting down and abandoning module ImageWrapper (50)
[2016.04.11-08.58.31:737][798]LogModuleManager: Shutting down and abandoning module TextureFormatASTC (49)
[2016.04.11-08.58.31:737][798]LogModuleManager: Shutting down and abandoning module TextureFormatAndroid (48)
[2016.04.11-08.58.31:737][798]LogModuleManager: Shutting down and abandoning module AudioFormatOpus (47)
[2016.04.11-08.58.31:737][798]LogModuleManager: Shutting down and abandoning module AudioFormatOgg (46)
[2016.04.11-08.58.31:737][798]LogModuleManager: Shutting down and abandoning module AudioFormatADPCM (45)
[2016.04.11-08.58.31:737][798]LogModuleManager: Shutting down and abandoning module LinuxTargetPlatform (44)
[2016.04.11-08.58.31:737][798]LogModuleManager: Shutting down and abandoning module LinuxServerTargetPlatform (43)
[2016.04.11-08.58.31:737][798]LogModuleManager: Shutting down and abandoning module LinuxNoEditorTargetPlatform (42)
[2016.04.11-08.58.31:737][798]LogModuleManager: Shutting down and abandoning module TVOSTargetPlatform (41)
[2016.04.11-08.58.31:737][798]LogModuleManager: Shutting down and abandoning module Messaging (40)
[2016.04.11-08.58.31:737][798]LogModuleManager: Shutting down and abandoning module IOSTargetPlatform (39)
[2016.04.11-08.58.31:737][798]LogModuleManager: Shutting down and abandoning module HTML5TargetPlatform (38)
[2016.04.11-08.58.31:737][798]LogModuleManager: Shutting down and abandoning module Android_PVRTCTargetPlatform (37)
[2016.04.11-08.58.31:737][798]LogModuleManager: Shutting down and abandoning module Android_MultiTargetPlatform (36)
[2016.04.11-08.58.31:737][798]LogModuleManager: Shutting down and abandoning module Android_ETC2TargetPlatform (35)
[2016.04.11-08.58.31:737][798]LogModuleManager: Shutting down and abandoning module Android_ETC1TargetPlatform (34)
[2016.04.11-08.58.31:737][798]LogModuleManager: Shutting down and abandoning module Android_DXTTargetPlatform (33)
[2016.04.11-08.58.31:737][798]LogModuleManager: Shutting down and abandoning module Android_ATCTargetPlatform (32)
[2016.04.11-08.58.31:737][798]LogModuleManager: Shutting down and abandoning module Android_ASTCTargetPlatform (31)
[2016.04.11-08.58.31:737][798]LogModuleManager: Shutting down and abandoning module AndroidTargetPlatform (30)
[2016.04.11-08.58.31:737][798]LogModuleManager: Shutting down and abandoning module WindowsTargetPlatform (29)
[2016.04.11-08.58.31:737][798]LogModuleManager: Shutting down and abandoning module WindowsServerTargetPlatform (28)
[2016.04.11-08.58.31:738][798]LogModuleManager: Shutting down and abandoning module WindowsNoEditorTargetPlatform (27)
[2016.04.11-08.58.31:738][798]LogModuleManager: Shutting down and abandoning module WindowsClientTargetPlatform (26)
[2016.04.11-08.58.31:738][798]LogModuleManager: Shutting down and abandoning module AllDesktopTargetPlatform (25)
[2016.04.11-08.58.31:738][798]LogModuleManager: Shutting down and abandoning module TargetPlatform (24)
[2016.04.11-08.58.31:738][798]LogModuleManager: Shutting down and abandoning module InputCore (23)
[2016.04.11-08.58.31:738][798]LogModuleManager: Shutting down and abandoning module Settings (22)
[2016.04.11-08.58.31:738][798]LogModuleManager: Shutting down and abandoning module OnlineSubsystem (20)
[2016.04.11-08.58.31:738][798]LogModuleManager: Shutting down and abandoning module HTTP (19)
[2016.04.11-08.58.32:738][798]LogModuleManager: Shutting down and abandoning module XMPP (18)
[2016.04.11-08.58.32:738][798]LogModuleManager: Shutting down and abandoning module OculusRift (17)
[2016.04.11-08.58.32:738][798]LogModuleManager: Shutting down and abandoning module ExampleDeviceProfileSelector (16)
[2016.04.11-08.58.32:738][798]LogModuleManager: Shutting down and abandoning module DesktopPlatform (15)
[2016.04.11-08.58.32:738][798]LogModuleManager: Shutting down and abandoning module TextureCompressor (14)
[2016.04.11-08.58.32:738][798]LogModuleManager: Shutting down and abandoning module ShaderCore (13)
[2016.04.11-08.58.32:738][798]LogModuleManager: Shutting down and abandoning module Landscape (12)
[2016.04.11-08.58.32:738][798]LogModuleManager: Shutting down and abandoning module SlateRHIRenderer (11)
[2016.04.11-08.58.32:739][798]LogModuleManager: Shutting down and abandoning module OpenGLDrv (10)
[2016.04.11-08.58.32:739][798]LogModuleManager: Shutting down and abandoning module D3D11RHI (9)
[2016.04.11-08.58.32:739][798]LogModuleManager: Shutting down and abandoning module AnimGraphRuntime (8)
[2016.04.11-08.58.32:739][798]LogModuleManager: Shutting down and abandoning module Renderer (7)
[2016.04.11-08.58.32:739][798]LogModuleManager: Shutting down and abandoning module Engine (6)
[2016.04.11-08.58.32:739][798]LogModuleManager: Shutting down and abandoning module CoreUObject (5)
[2016.04.11-08.58.32:739][798]LogModuleManager: Shutting down and abandoning module NetworkFile (4)
[2016.04.11-08.58.32:739][798]LogModuleManager: Shutting down and abandoning module StreamingFile (3)
[2016.04.11-08.58.32:739][798]LogModuleManager: Shutting down and abandoning module SandboxFile (2)
[2016.04.11-08.58.32:739][798]LogModuleManager: Shutting down and abandoning module PakFile (1)
[2016.04.11-08.58.32:740][798]LogExit: Exiting.
[2016.04.11-08.58.32:751][798]Log file closed, 04/11/16 10:58:32
